#-----------------------------------------------------------
# Webtalk v2018.3 (64-bit)
# SW Build 2405991 on Thu Dec  6 23:36:41 MST 2018
# 
# Start of session at: Tue May 21 20:10:57 2019
# Process ID: 14953
# Current directory: /tools/Xilinx/Vivado/2018.3/bin/Aula10_2/Aula10_2.sdk/webtalk
# Command line: wbtcv -mode batch -source sdk_webtalk.tcl
# Log file: /tools/Xilinx/Vivado/2018.3/bin/Aula10_2/Aula10_2.sdk/webtalk/webtalk.log
# Journal file: /tools/Xilinx/Vivado/2018.3/bin/Aula10_2/Aula10_2.sdk/webtalk/webtalk.jou
#-----------------------------------------------------------
source sdk_webtalk.tcl
# webtalk_init -webtalk_dir /tools/Xilinx/Vivado/2018.3/bin/Aula10_2/Aula10_2.sdk/webtalk
# webtalk_register_client -client project
# webtalk_add_data -client project -key date_generated -value "2019-05-21 20:10:57" -context "software_version_and_target_device"
# webtalk_add_data -client project -key product_version -value "SDK v2018.3" -context "software_version_and_target_device"
# webtalk_add_data -client project -key build_version -value "2018.3" -context "software_version_and_target_device"
# webtalk_add_data -client project -key os_platform -value "amd64" -context "software_version_and_target_device"
# webtalk_add_data -client project -key registration_id -value "" -context "software_version_and_target_device"
# webtalk_add_data -client project -key tool_flow -value "SDK" -context "software_version_and_target_device"
# webtalk_add_data -client project -key beta -value "false" -context "software_version_and_target_device"
# webtalk_add_data -client project -key route_design -value "NA" -context "software_version_and_target_device"
# webtalk_add_data -client project -key target_family -value "NA" -context "software_version_and_target_device"
# webtalk_add_data -client project -key target_device -value "NA" -context "software_version_and_target_device"
# webtalk_add_data -client project -key target_package -value "NA" -context "software_version_and_target_device"
# webtalk_add_data -client project -key target_speed -value "NA" -context "software_version_and_target_device"
# webtalk_add_data -client project -key random_id -value "in2prkgjjteg4072tgv4h7hjbc" -context "software_version_and_target_device"
# webtalk_add_data -client project -key project_id -value "2018.3_2" -context "software_version_and_target_device"
# webtalk_add_data -client project -key project_iteration -value "2" -context "software_version_and_target_device"
# webtalk_add_data -client project -key os_name -value "Ubuntu" -context "user_environment"
# webtalk_add_data -client project -key os_release -value "Ubuntu 18.04.2 LTS" -context "user_environment"
# webtalk_add_data -client project -key cpu_name -value "Intel(R) Core(TM) i7-8750H CPU @ 2.20GHz" -context "user_environment"
# webtalk_add_data -client project -key cpu_speed -value "3958.394 MHz" -context "user_environment"
# webtalk_add_data -client project -key total_processors -value "1" -context "user_environment"
# webtalk_add_data -client project -key system_ram -value "16.663 GB" -context "user_environment"
# webtalk_register_client -client sdk
# webtalk_add_data -client sdk -key uid -value "1558461795000" -context "sdk\\\\bsp/1558461795000"
# webtalk_add_data -client sdk -key hwid -value "1558457750000" -context "sdk\\\\bsp/1558461795000"
# webtalk_add_data -client sdk -key os -value "standalone" -context "sdk\\\\bsp/1558461795000"
# webtalk_add_data -client sdk -key apptemplate -value "empty_application" -context "sdk\\\\bsp/1558461795000"
# webtalk_add_data -client sdk -key RecordType -value "BSPCreation" -context "sdk\\\\bsp/1558461795000"
# webtalk_add_data -client sdk -key uid -value "1558461795000" -context "sdk\\\\application/1558461795000"
# webtalk_add_data -client sdk -key hwid -value "1558457750000" -context "sdk\\\\application/1558461795000"
# webtalk_add_data -client sdk -key bspid -value "1558461795000" -context "sdk\\\\application/1558461795000"
# webtalk_add_data -client sdk -key newbsp -value "true" -context "sdk\\\\application/1558461795000"
# webtalk_add_data -client sdk -key os -value "standalone" -context "sdk\\\\application/1558461795000"
# webtalk_add_data -client sdk -key apptemplate -value "empty_application" -context "sdk\\\\application/1558461795000"
# webtalk_add_data -client sdk -key RecordType -value "APPCreation" -context "sdk\\\\application/1558461795000"
# webtalk_add_data -client sdk -key LangUsed -value "CPP" -context "sdk\\\\application/1558461795000"
# webtalk_add_data -client sdk -key Procused -value "microblaze" -context "sdk\\\\application/1558461795000"
# webtalk_add_data -client sdk -key uid -value "NA" -context "sdk\\\\bsp/1558465857158"
# webtalk_add_data -client sdk -key RecordType -value "ToolUsage" -context "sdk\\\\bsp/1558465857158"
# webtalk_add_data -client sdk -key BootgenCount -value "0" -context "sdk\\\\bsp/1558465857158"
# webtalk_add_data -client sdk -key DebugCount -value "32" -context "sdk\\\\bsp/1558465857158"
# webtalk_add_data -client sdk -key PerfCount -value "0" -context "sdk\\\\bsp/1558465857158"
# webtalk_add_data -client sdk -key FlashCount -value "0" -context "sdk\\\\bsp/1558465857158"
# webtalk_add_data -client sdk -key CrossTriggCount -value "0" -context "sdk\\\\bsp/1558465857158"
# webtalk_add_data -client sdk -key QemuDebugCount -value "0" -context "sdk\\\\bsp/1558465857158"
# webtalk_transmit -clientid 2981064511 -regid "" -xml /tools/Xilinx/Vivado/2018.3/bin/Aula10_2/Aula10_2.sdk/webtalk/usage_statistics_ext_sdk.xml -html /tools/Xilinx/Vivado/2018.3/bin/Aula10_2/Aula10_2.sdk/webtalk/usage_statistics_ext_sdk.html -wdm /tools/Xilinx/Vivado/2018.3/bin/Aula10_2/Aula10_2.sdk/webtalk/sdk_webtalk.wdm -intro "<H3>SDK Usage Report</H3><BR>"
# webtalk_terminate
INFO: [Common 17-206] Exiting Webtalk at Tue May 21 20:10:58 2019...
