17:55:46 INFO  : Registering command handlers for SDK TCF services
17:55:47 INFO  : Launching XSCT server: xsct -n -interactive /tools/Xilinx/Vivado/2018.3/bin/Aula10_2/Aula10_2.sdk/temp_xsdb_launch_script.tcl
17:55:49 INFO  : XSCT server has started successfully.
17:55:49 INFO  : Successfully done setting XSCT server connection channel  
17:55:49 INFO  : Successfully done setting SDK workspace  
17:55:49 INFO  : Processing command line option -hwspec /tools/Xilinx/Vivado/2018.3/bin/Aula10_2/Aula10_2.sdk/design_1_wrapper.hdf.
18:01:42 INFO  : Connected to target on host '127.0.0.1' and port '3121'.
18:01:42 INFO  : 'targets -set -filter {jtag_cable_name =~ "Digilent Nexys4 210274674836A" && level==0} -index 0' command is executed.
18:01:44 INFO  : FPGA configured successfully with bitstream "/tools/Xilinx/Vivado/2018.3/bin/Aula10_2/Aula10_2.sdk/design_1_wrapper_hw_platform_0/download.bit"
18:07:33 INFO  : Launching XSCT server: xsct -n -interactive /tools/Xilinx/Vivado/2018.3/bin/Aula10_2/Aula10_2.sdk/temp_xsdb_launch_script.tcl
18:07:33 INFO  : Registering command handlers for SDK TCF services
18:07:35 INFO  : XSCT server has started successfully.
18:07:35 INFO  : Successfully done setting XSCT server connection channel  
18:07:35 INFO  : Successfully done setting SDK workspace  
18:07:35 INFO  : Processing command line option -hwspec /tools/Xilinx/Vivado/2018.3/bin/Aula10_2/Aula10_2.sdk/design_1_wrapper.hdf.
18:07:35 INFO  : Checking for hwspec changes in the project design_1_wrapper_hw_platform_0.
18:07:36 INFO  : SDK has detected change in the last modified timestamps for source hardware specification file Source:1558458271000,  Project:1558456940000
18:07:36 INFO  : The hardware specification for project 'design_1_wrapper_hw_platform_0' is different from /tools/Xilinx/Vivado/2018.3/bin/Aula10_2/Aula10_2.sdk/design_1_wrapper.hdf.
18:07:36 INFO  : Copied contents of /tools/Xilinx/Vivado/2018.3/bin/Aula10_2/Aula10_2.sdk/design_1_wrapper.hdf into /design_1_wrapper_hw_platform_0/system.hdf.
18:07:36 INFO  : Synchronizing projects in the workspace with the hardware platform specification changes.
18:07:37 INFO  : 
18:07:38 INFO  : Updating hardware inferred compiler options for MainProgram.
18:07:38 INFO  : Clearing existing target manager status.
18:11:58 INFO  : 'targets -set -filter {jtag_cable_name =~ "Digilent Nexys4 210274674836A" && level==0} -index 0' command is executed.
18:11:58 INFO  : 'fpga -state' command is executed.
18:11:58 INFO  : Connected to target on host '127.0.0.1' and port '3121'.
18:11:58 INFO  : ----------------XSDB Script----------------
connect -url tcp:127.0.0.1:3121
----------------End of Script----------------

18:16:52 INFO  : Registering command handlers for SDK TCF services
18:16:53 INFO  : Launching XSCT server: xsct -n -interactive /tools/Xilinx/Vivado/2018.3/bin/Aula10_2/Aula10_2.sdk/temp_xsdb_launch_script.tcl
18:16:55 INFO  : XSCT server has started successfully.
18:16:55 INFO  : Successfully done setting XSCT server connection channel  
18:16:55 INFO  : Successfully done setting SDK workspace  
18:16:55 INFO  : Processing command line option -hwspec /tools/Xilinx/Vivado/2018.3/bin/Aula10_2/Aula10_2.sdk/design_1_wrapper.hdf.
18:16:55 INFO  : Checking for hwspec changes in the project design_1_wrapper_hw_platform_0.
18:16:56 INFO  : SDK has detected change in the last modified timestamps for source hardware specification file Source:1558458984000,  Project:1558458271000
18:16:56 INFO  : The hardware specification for project 'design_1_wrapper_hw_platform_0' is different from /tools/Xilinx/Vivado/2018.3/bin/Aula10_2/Aula10_2.sdk/design_1_wrapper.hdf.
18:16:56 INFO  : Copied contents of /tools/Xilinx/Vivado/2018.3/bin/Aula10_2/Aula10_2.sdk/design_1_wrapper.hdf into /design_1_wrapper_hw_platform_0/system.hdf.
18:16:56 INFO  : Synchronizing projects in the workspace with the hardware platform specification changes.
18:16:57 INFO  : 
18:16:59 INFO  : Updating hardware inferred compiler options for MainProgram.
18:16:59 INFO  : Clearing existing target manager status.
18:17:12 INFO  : 'targets -set -filter {jtag_cable_name =~ "Digilent Nexys4 210274674836A" && level==0} -index 0' command is executed.
18:17:12 INFO  : 'fpga -state' command is executed.
18:17:12 INFO  : Connected to target on host '127.0.0.1' and port '3121'.
18:17:12 INFO  : Jtag cable 'Digilent Nexys4 210274674836A' is selected.
18:17:12 INFO  : 'jtag frequency' command is executed.
18:17:12 INFO  : 'configparams mdm-detect-bscan-mask 2' command is executed.
18:17:12 INFO  : Context for processor 'microblaze_0' is selected.
18:17:12 ERROR : Cannot stop MicroBlaze. MicroBlaze is held in reset
18:17:12 INFO  : ----------------XSDB Script----------------
connect -url tcp:127.0.0.1:3121
configparams mdm-detect-bscan-mask 2
targets -set -nocase -filter {name =~ "microblaze*#0" && bscan=="USER2"  && jtag_cable_name =~ "Digilent Nexys4 210274674836A"} -index 0
rst -processor
----------------End of Script----------------

18:20:13 INFO  : Registering command handlers for SDK TCF services
18:20:14 INFO  : Launching XSCT server: xsct -n -interactive /tools/Xilinx/Vivado/2018.3/bin/Aula10_2/Aula10_2.sdk/temp_xsdb_launch_script.tcl
18:20:16 INFO  : XSCT server has started successfully.
18:20:16 INFO  : Successfully done setting XSCT server connection channel  
18:20:16 INFO  : Successfully done setting SDK workspace  
18:20:16 INFO  : Processing command line option -hwspec /tools/Xilinx/Vivado/2018.3/bin/Aula10_2/Aula10_2.sdk/design_1_wrapper.hdf.
18:20:16 INFO  : Checking for hwspec changes in the project design_1_wrapper_hw_platform_0.
18:20:17 INFO  : SDK has detected change in the last modified timestamps for source hardware specification file Source:1558459190000,  Project:1558458984000
18:20:17 INFO  : The hardware specification for project 'design_1_wrapper_hw_platform_0' is different from /tools/Xilinx/Vivado/2018.3/bin/Aula10_2/Aula10_2.sdk/design_1_wrapper.hdf.
18:20:17 INFO  : Copied contents of /tools/Xilinx/Vivado/2018.3/bin/Aula10_2/Aula10_2.sdk/design_1_wrapper.hdf into /design_1_wrapper_hw_platform_0/system.hdf.
18:20:17 INFO  : Synchronizing projects in the workspace with the hardware platform specification changes.
18:20:18 INFO  : 
18:20:19 INFO  : Updating hardware inferred compiler options for MainProgram.
18:20:19 INFO  : Clearing existing target manager status.
18:20:19 INFO  : Workspace synchronized with the new hardware specification file. Cleaning dependent projects...
18:20:19 WARN  : Linker script will not be updated automatically. Users need to update it manually.
18:20:26 INFO  : 'targets -set -filter {jtag_cable_name =~ "Digilent Nexys4 210274674836A" && level==0} -index 0' command is executed.
18:20:26 INFO  : 'fpga -state' command is executed.
18:20:26 INFO  : Connected to target on host '127.0.0.1' and port '3121'.
18:20:26 INFO  : Jtag cable 'Digilent Nexys4 210274674836A' is selected.
18:20:26 INFO  : 'jtag frequency' command is executed.
18:20:26 INFO  : 'configparams mdm-detect-bscan-mask 2' command is executed.
18:20:26 INFO  : Context for processor 'microblaze_0' is selected.
18:20:26 ERROR : Cannot stop MicroBlaze. MicroBlaze is held in reset
18:20:26 INFO  : ----------------XSDB Script----------------
connect -url tcp:127.0.0.1:3121
configparams mdm-detect-bscan-mask 2
targets -set -nocase -filter {name =~ "microblaze*#0" && bscan=="USER2"  && jtag_cable_name =~ "Digilent Nexys4 210274674836A"} -index 0
rst -processor
----------------End of Script----------------

18:21:39 INFO  : Registering command handlers for SDK TCF services
18:21:40 INFO  : Launching XSCT server: xsct -n -interactive /tools/Xilinx/Vivado/2018.3/bin/Aula10_2/Aula10_2.sdk/temp_xsdb_launch_script.tcl
18:21:42 INFO  : XSCT server has started successfully.
18:21:42 INFO  : Successfully done setting XSCT server connection channel  
18:21:42 INFO  : Successfully done setting SDK workspace  
18:21:42 INFO  : Processing command line option -hwspec /tools/Xilinx/Vivado/2018.3/bin/Aula10_2/Aula10_2.sdk/design_1_wrapper.hdf.
18:21:42 INFO  : Checking for hwspec changes in the project design_1_wrapper_hw_platform_0.
18:21:50 INFO  : 'targets -set -filter {jtag_cable_name =~ "Digilent Nexys4 210274674836A" && level==0} -index 0' command is executed.
18:21:50 INFO  : 'fpga -state' command is executed.
18:21:50 INFO  : Connected to target on host '127.0.0.1' and port '3121'.
18:21:50 INFO  : Jtag cable 'Digilent Nexys4 210274674836A' is selected.
18:21:50 INFO  : 'jtag frequency' command is executed.
18:21:50 INFO  : 'configparams mdm-detect-bscan-mask 2' command is executed.
18:21:50 INFO  : Context for processor 'microblaze_0' is selected.
18:21:50 INFO  : Processor reset is completed for 'microblaze_0'.
18:21:50 INFO  : Context for processor 'microblaze_0' is selected.
18:21:50 INFO  : The application '/tools/Xilinx/Vivado/2018.3/bin/Aula10_2/Aula10_2.sdk/MainProgram/Debug/MainProgram.elf' is downloaded to processor 'microblaze_0'.
18:21:50 INFO  : ----------------XSDB Script----------------
connect -url tcp:127.0.0.1:3121
configparams mdm-detect-bscan-mask 2
targets -set -nocase -filter {name =~ "microblaze*#0" && bscan=="USER2"  && jtag_cable_name =~ "Digilent Nexys4 210274674836A"} -index 0
rst -processor
targets -set -nocase -filter {name =~ "microblaze*#0" && bscan=="USER2"  && jtag_cable_name =~ "Digilent Nexys4 210274674836A"} -index 0
dow /tools/Xilinx/Vivado/2018.3/bin/Aula10_2/Aula10_2.sdk/MainProgram/Debug/MainProgram.elf
----------------End of Script----------------

18:21:50 INFO  : Memory regions updated for context PA
18:21:50 INFO  : Memory regions updated for context MicroBlaze Debug Module at USER2
18:21:50 INFO  : Context for processor 'microblaze_0' is selected.
18:21:50 INFO  : 'con' command is executed.
18:21:50 INFO  : ----------------XSDB Script (After Launch)----------------
targets -set -nocase -filter {name =~ "microblaze*#0" && bscan=="USER2"  && jtag_cable_name =~ "Digilent Nexys4 210274674836A"} -index 0
con
----------------End of Script----------------

18:21:50 INFO  : Launch script is exported to file '/tools/Xilinx/Vivado/2018.3/bin/Aula10_2/Aula10_2.sdk/.sdk/launch_scripts/xilinx_c-c++_application_(system_debugger)/system_debugger_using_debug_mainprogram.elf_on_local.tcl'
18:27:14 INFO  : Disconnected from the channel tcfchan#1.
18:27:15 INFO  : 'targets -set -filter {jtag_cable_name =~ "Digilent Nexys4 210274674836A" && level==0} -index 0' command is executed.
18:27:15 INFO  : 'fpga -state' command is executed.
18:27:15 INFO  : Connected to target on host '127.0.0.1' and port '3121'.
18:27:16 INFO  : Jtag cable 'Digilent Nexys4 210274674836A' is selected.
18:27:16 INFO  : 'jtag frequency' command is executed.
18:27:16 INFO  : 'configparams mdm-detect-bscan-mask 2' command is executed.
18:27:16 INFO  : Context for processor 'microblaze_0' is selected.
18:27:16 INFO  : Processor reset is completed for 'microblaze_0'.
18:27:16 INFO  : Context for processor 'microblaze_0' is selected.
18:27:16 INFO  : The application '/tools/Xilinx/Vivado/2018.3/bin/Aula10_2/Aula10_2.sdk/MainProgram/Debug/MainProgram.elf' is downloaded to processor 'microblaze_0'.
18:27:16 INFO  : ----------------XSDB Script----------------
connect -url tcp:127.0.0.1:3121
configparams mdm-detect-bscan-mask 2
targets -set -nocase -filter {name =~ "microblaze*#0" && bscan=="USER2"  && jtag_cable_name =~ "Digilent Nexys4 210274674836A"} -index 0
rst -processor
targets -set -nocase -filter {name =~ "microblaze*#0" && bscan=="USER2"  && jtag_cable_name =~ "Digilent Nexys4 210274674836A"} -index 0
dow /tools/Xilinx/Vivado/2018.3/bin/Aula10_2/Aula10_2.sdk/MainProgram/Debug/MainProgram.elf
----------------End of Script----------------

18:27:16 INFO  : Memory regions updated for context PA
18:27:16 INFO  : Memory regions updated for context MicroBlaze Debug Module at USER2
18:27:16 INFO  : Context for processor 'microblaze_0' is selected.
18:27:16 INFO  : 'con' command is executed.
18:27:16 INFO  : ----------------XSDB Script (After Launch)----------------
targets -set -nocase -filter {name =~ "microblaze*#0" && bscan=="USER2"  && jtag_cable_name =~ "Digilent Nexys4 210274674836A"} -index 0
con
----------------End of Script----------------

18:27:16 INFO  : Launch script is exported to file '/tools/Xilinx/Vivado/2018.3/bin/Aula10_2/Aula10_2.sdk/.sdk/launch_scripts/xilinx_c-c++_application_(system_debugger)/system_debugger_using_debug_mainprogram.elf_on_local.tcl'
18:31:35 INFO  : Disconnected from the channel tcfchan#2.
18:31:36 INFO  : 'targets -set -filter {jtag_cable_name =~ "Digilent Nexys4 210274674836A" && level==0} -index 0' command is executed.
18:31:36 INFO  : 'fpga -state' command is executed.
18:31:36 INFO  : Connected to target on host '127.0.0.1' and port '3121'.
18:31:36 INFO  : Jtag cable 'Digilent Nexys4 210274674836A' is selected.
18:31:36 INFO  : 'jtag frequency' command is executed.
18:31:36 INFO  : 'configparams mdm-detect-bscan-mask 2' command is executed.
18:31:36 INFO  : Context for processor 'microblaze_0' is selected.
18:31:37 INFO  : Processor reset is completed for 'microblaze_0'.
18:31:37 INFO  : Context for processor 'microblaze_0' is selected.
18:31:37 INFO  : The application '/tools/Xilinx/Vivado/2018.3/bin/Aula10_2/Aula10_2.sdk/MainProgram/Debug/MainProgram.elf' is downloaded to processor 'microblaze_0'.
18:31:37 INFO  : ----------------XSDB Script----------------
connect -url tcp:127.0.0.1:3121
configparams mdm-detect-bscan-mask 2
targets -set -nocase -filter {name =~ "microblaze*#0" && bscan=="USER2"  && jtag_cable_name =~ "Digilent Nexys4 210274674836A"} -index 0
rst -processor
targets -set -nocase -filter {name =~ "microblaze*#0" && bscan=="USER2"  && jtag_cable_name =~ "Digilent Nexys4 210274674836A"} -index 0
dow /tools/Xilinx/Vivado/2018.3/bin/Aula10_2/Aula10_2.sdk/MainProgram/Debug/MainProgram.elf
----------------End of Script----------------

18:31:37 INFO  : Memory regions updated for context PA
18:31:37 INFO  : Memory regions updated for context MicroBlaze Debug Module at USER2
18:31:37 INFO  : Context for processor 'microblaze_0' is selected.
18:31:37 INFO  : 'con' command is executed.
18:31:37 INFO  : ----------------XSDB Script (After Launch)----------------
targets -set -nocase -filter {name =~ "microblaze*#0" && bscan=="USER2"  && jtag_cable_name =~ "Digilent Nexys4 210274674836A"} -index 0
con
----------------End of Script----------------

18:31:37 INFO  : Launch script is exported to file '/tools/Xilinx/Vivado/2018.3/bin/Aula10_2/Aula10_2.sdk/.sdk/launch_scripts/xilinx_c-c++_application_(system_debugger)/system_debugger_using_debug_mainprogram.elf_on_local.tcl'
18:31:41 INFO  : Disconnected from the channel tcfchan#3.
18:31:56 INFO  : Registering command handlers for SDK TCF services
18:31:57 INFO  : Launching XSCT server: xsct -n -interactive /tools/Xilinx/Vivado/2018.3/bin/Aula10_2/Aula10_2.sdk/temp_xsdb_launch_script.tcl
18:31:59 INFO  : XSCT server has started successfully.
18:31:59 INFO  : Successfully done setting XSCT server connection channel  
18:31:59 INFO  : Successfully done setting SDK workspace  
18:31:59 INFO  : Processing command line option -hwspec /tools/Xilinx/Vivado/2018.3/bin/Aula10_2/Aula10_2.sdk/design_1_wrapper.hdf.
18:31:59 INFO  : Checking for hwspec changes in the project design_1_wrapper_hw_platform_0.
18:32:00 INFO  : SDK has detected change in the last modified timestamps for source hardware specification file Source:1558459848000,  Project:1558459190000
18:32:00 INFO  : The hardware specification for project 'design_1_wrapper_hw_platform_0' is different from /tools/Xilinx/Vivado/2018.3/bin/Aula10_2/Aula10_2.sdk/design_1_wrapper.hdf.
18:32:00 INFO  : Copied contents of /tools/Xilinx/Vivado/2018.3/bin/Aula10_2/Aula10_2.sdk/design_1_wrapper.hdf into /design_1_wrapper_hw_platform_0/system.hdf.
18:32:00 INFO  : Synchronizing projects in the workspace with the hardware platform specification changes.
18:32:01 INFO  : 
18:32:02 INFO  : Updating hardware inferred compiler options for MainProgram.
18:32:02 INFO  : Clearing existing target manager status.
18:32:02 INFO  : Workspace synchronized with the new hardware specification file. Cleaning dependent projects...
18:32:02 WARN  : Linker script will not be updated automatically. Users need to update it manually.
18:32:06 INFO  : 'targets -set -filter {jtag_cable_name =~ "Digilent Nexys4 210274674836A" && level==0} -index 0' command is executed.
18:32:06 INFO  : 'fpga -state' command is executed.
18:32:06 INFO  : Connected to target on host '127.0.0.1' and port '3121'.
18:32:06 INFO  : Jtag cable 'Digilent Nexys4 210274674836A' is selected.
18:32:06 INFO  : 'jtag frequency' command is executed.
18:32:06 INFO  : 'configparams mdm-detect-bscan-mask 2' command is executed.
18:32:06 INFO  : Context for processor 'microblaze_0' is selected.
18:32:06 INFO  : Processor reset is completed for 'microblaze_0'.
18:32:06 INFO  : Context for processor 'microblaze_0' is selected.
18:32:06 INFO  : The application '/tools/Xilinx/Vivado/2018.3/bin/Aula10_2/Aula10_2.sdk/MainProgram/Debug/MainProgram.elf' is downloaded to processor 'microblaze_0'.
18:32:06 INFO  : ----------------XSDB Script----------------
connect -url tcp:127.0.0.1:3121
configparams mdm-detect-bscan-mask 2
targets -set -nocase -filter {name =~ "microblaze*#0" && bscan=="USER2"  && jtag_cable_name =~ "Digilent Nexys4 210274674836A"} -index 0
rst -processor
targets -set -nocase -filter {name =~ "microblaze*#0" && bscan=="USER2"  && jtag_cable_name =~ "Digilent Nexys4 210274674836A"} -index 0
dow /tools/Xilinx/Vivado/2018.3/bin/Aula10_2/Aula10_2.sdk/MainProgram/Debug/MainProgram.elf
----------------End of Script----------------

18:32:06 INFO  : Memory regions updated for context PA
18:32:06 INFO  : Memory regions updated for context MicroBlaze Debug Module at USER2
18:32:06 INFO  : Context for processor 'microblaze_0' is selected.
18:32:06 INFO  : 'con' command is executed.
18:32:06 INFO  : ----------------XSDB Script (After Launch)----------------
targets -set -nocase -filter {name =~ "microblaze*#0" && bscan=="USER2"  && jtag_cable_name =~ "Digilent Nexys4 210274674836A"} -index 0
con
----------------End of Script----------------

18:32:06 INFO  : Launch script is exported to file '/tools/Xilinx/Vivado/2018.3/bin/Aula10_2/Aula10_2.sdk/.sdk/launch_scripts/xilinx_c-c++_application_(system_debugger)/system_debugger_using_debug_mainprogram.elf_on_local.tcl'
18:32:35 INFO  : Disconnected from the channel tcfchan#1.
18:32:36 INFO  : 'targets -set -filter {jtag_cable_name =~ "Digilent Nexys4 210274674836A" && level==0} -index 0' command is executed.
18:32:36 INFO  : 'fpga -state' command is executed.
18:32:36 INFO  : Connected to target on host '127.0.0.1' and port '3121'.
18:32:36 INFO  : Jtag cable 'Digilent Nexys4 210274674836A' is selected.
18:32:36 INFO  : 'jtag frequency' command is executed.
18:32:36 INFO  : 'configparams mdm-detect-bscan-mask 2' command is executed.
18:32:36 INFO  : Context for processor 'microblaze_0' is selected.
18:32:36 INFO  : Processor reset is completed for 'microblaze_0'.
18:32:36 INFO  : Context for processor 'microblaze_0' is selected.
18:32:36 INFO  : The application '/tools/Xilinx/Vivado/2018.3/bin/Aula10_2/Aula10_2.sdk/MainProgram/Debug/MainProgram.elf' is downloaded to processor 'microblaze_0'.
18:32:36 INFO  : ----------------XSDB Script----------------
connect -url tcp:127.0.0.1:3121
configparams mdm-detect-bscan-mask 2
targets -set -nocase -filter {name =~ "microblaze*#0" && bscan=="USER2"  && jtag_cable_name =~ "Digilent Nexys4 210274674836A"} -index 0
rst -processor
targets -set -nocase -filter {name =~ "microblaze*#0" && bscan=="USER2"  && jtag_cable_name =~ "Digilent Nexys4 210274674836A"} -index 0
dow /tools/Xilinx/Vivado/2018.3/bin/Aula10_2/Aula10_2.sdk/MainProgram/Debug/MainProgram.elf
----------------End of Script----------------

18:32:36 INFO  : Memory regions updated for context PA
18:32:36 INFO  : Memory regions updated for context MicroBlaze Debug Module at USER2
18:32:36 INFO  : Context for processor 'microblaze_0' is selected.
18:32:36 INFO  : 'con' command is executed.
18:32:36 INFO  : ----------------XSDB Script (After Launch)----------------
targets -set -nocase -filter {name =~ "microblaze*#0" && bscan=="USER2"  && jtag_cable_name =~ "Digilent Nexys4 210274674836A"} -index 0
con
----------------End of Script----------------

18:32:36 INFO  : Launch script is exported to file '/tools/Xilinx/Vivado/2018.3/bin/Aula10_2/Aula10_2.sdk/.sdk/launch_scripts/xilinx_c-c++_application_(system_debugger)/system_debugger_using_debug_mainprogram.elf_on_local.tcl'
18:33:35 INFO  : 'targets -set -filter {jtag_cable_name =~ "Digilent Nexys4 210274674836A" && level==0} -index 0' command is executed.
18:33:35 INFO  : 'fpga -state' command is executed.
18:33:35 INFO  : Connected to target on host '127.0.0.1' and port '3121'.
18:33:36 INFO  : Jtag cable 'Digilent Nexys4 210274674836A' is selected.
18:33:36 INFO  : 'jtag frequency' command is executed.
18:33:36 INFO  : 'configparams mdm-detect-bscan-mask 2' command is executed.
18:33:36 INFO  : Context for processor 'microblaze_0' is selected.
18:33:36 INFO  : Processor reset is completed for 'microblaze_0'.
18:33:36 INFO  : Context for processor 'microblaze_0' is selected.
18:33:36 INFO  : The application '/tools/Xilinx/Vivado/2018.3/bin/Aula10_2/Aula10_2.sdk/MainProgram/Debug/MainProgram.elf' is downloaded to processor 'microblaze_0'.
18:33:36 INFO  : ----------------XSDB Script----------------
connect -url tcp:127.0.0.1:3121
configparams mdm-detect-bscan-mask 2
targets -set -nocase -filter {name =~ "microblaze*#0" && bscan=="USER2"  && jtag_cable_name =~ "Digilent Nexys4 210274674836A"} -index 0
rst -processor
targets -set -nocase -filter {name =~ "microblaze*#0" && bscan=="USER2"  && jtag_cable_name =~ "Digilent Nexys4 210274674836A"} -index 0
dow /tools/Xilinx/Vivado/2018.3/bin/Aula10_2/Aula10_2.sdk/MainProgram/Debug/MainProgram.elf
----------------End of Script----------------

18:33:36 INFO  : Context for processor 'microblaze_0' is selected.
18:33:36 INFO  : 'con' command is executed.
18:33:36 INFO  : ----------------XSDB Script (After Launch)----------------
targets -set -nocase -filter {name =~ "microblaze*#0" && bscan=="USER2"  && jtag_cable_name =~ "Digilent Nexys4 210274674836A"} -index 0
con
----------------End of Script----------------

18:33:36 INFO  : Disconnected from the channel tcfchan#2.
18:34:15 INFO  : Connected to target on host '127.0.0.1' and port '3121'.
18:34:15 INFO  : Jtag cable 'Digilent Nexys4 210274674836A' is selected.
18:34:15 INFO  : 'jtag frequency' command is executed.
18:34:15 INFO  : 'targets -set -filter {jtag_cable_name =~ "Digilent Nexys4 210274674836A" && level==0} -index 0' command is executed.
18:34:18 INFO  : FPGA configured successfully with bitstream "/tools/Xilinx/Vivado/2018.3/bin/Aula10_2/Aula10_2.sdk/design_1_wrapper_hw_platform_0/design_1_wrapper.bit"
18:34:18 INFO  : 'configparams mdm-detect-bscan-mask 2' command is executed.
18:34:18 INFO  : Context for processor 'microblaze_0' is selected.
18:34:18 INFO  : Processor reset is completed for 'microblaze_0'.
18:34:18 INFO  : Context for processor 'microblaze_0' is selected.
18:34:18 INFO  : The application '/tools/Xilinx/Vivado/2018.3/bin/Aula10_2/Aula10_2.sdk/MainProgram/Debug/MainProgram.elf' is downloaded to processor 'microblaze_0'.
18:34:18 INFO  : ----------------XSDB Script----------------
connect -url tcp:127.0.0.1:3121
targets -set -filter {jtag_cable_name =~ "Digilent Nexys4 210274674836A" && level==0} -index 0
fpga -file /tools/Xilinx/Vivado/2018.3/bin/Aula10_2/Aula10_2.sdk/design_1_wrapper_hw_platform_0/design_1_wrapper.bit
configparams mdm-detect-bscan-mask 2
targets -set -nocase -filter {name =~ "microblaze*#0" && bscan=="USER2"  && jtag_cable_name =~ "Digilent Nexys4 210274674836A"} -index 0
rst -processor
targets -set -nocase -filter {name =~ "microblaze*#0" && bscan=="USER2"  && jtag_cable_name =~ "Digilent Nexys4 210274674836A"} -index 0
dow /tools/Xilinx/Vivado/2018.3/bin/Aula10_2/Aula10_2.sdk/MainProgram/Debug/MainProgram.elf
----------------End of Script----------------

18:34:18 INFO  : Context for processor 'microblaze_0' is selected.
18:34:18 INFO  : 'con' command is executed.
18:34:18 INFO  : ----------------XSDB Script (After Launch)----------------
targets -set -nocase -filter {name =~ "microblaze*#0" && bscan=="USER2"  && jtag_cable_name =~ "Digilent Nexys4 210274674836A"} -index 0
con
----------------End of Script----------------

18:34:18 INFO  : Disconnected from the channel tcfchan#3.
18:34:35 INFO  : 'targets -set -filter {jtag_cable_name =~ "Digilent Nexys4 210274674836A" && level==0} -index 0' command is executed.
18:34:35 INFO  : 'fpga -state' command is executed.
18:34:35 INFO  : Connected to target on host '127.0.0.1' and port '3121'.
18:34:35 INFO  : Jtag cable 'Digilent Nexys4 210274674836A' is selected.
18:34:35 INFO  : 'jtag frequency' command is executed.
18:34:35 INFO  : 'configparams mdm-detect-bscan-mask 2' command is executed.
18:34:35 INFO  : Context for processor 'microblaze_0' is selected.
18:34:35 INFO  : Processor reset is completed for 'microblaze_0'.
18:34:35 INFO  : Context for processor 'microblaze_0' is selected.
18:34:35 INFO  : The application '/tools/Xilinx/Vivado/2018.3/bin/Aula10_2/Aula10_2.sdk/MainProgram/Debug/MainProgram.elf' is downloaded to processor 'microblaze_0'.
18:34:35 INFO  : ----------------XSDB Script----------------
connect -url tcp:127.0.0.1:3121
configparams mdm-detect-bscan-mask 2
targets -set -nocase -filter {name =~ "microblaze*#0" && bscan=="USER2"  && jtag_cable_name =~ "Digilent Nexys4 210274674836A"} -index 0
rst -processor
targets -set -nocase -filter {name =~ "microblaze*#0" && bscan=="USER2"  && jtag_cable_name =~ "Digilent Nexys4 210274674836A"} -index 0
dow /tools/Xilinx/Vivado/2018.3/bin/Aula10_2/Aula10_2.sdk/MainProgram/Debug/MainProgram.elf
----------------End of Script----------------

18:34:35 INFO  : Memory regions updated for context PA
18:34:35 INFO  : Memory regions updated for context MicroBlaze Debug Module at USER2
18:34:35 INFO  : Context for processor 'microblaze_0' is selected.
18:34:35 INFO  : 'con' command is executed.
18:34:35 INFO  : ----------------XSDB Script (After Launch)----------------
targets -set -nocase -filter {name =~ "microblaze*#0" && bscan=="USER2"  && jtag_cable_name =~ "Digilent Nexys4 210274674836A"} -index 0
con
----------------End of Script----------------

18:34:35 INFO  : Launch script is exported to file '/tools/Xilinx/Vivado/2018.3/bin/Aula10_2/Aula10_2.sdk/.sdk/launch_scripts/xilinx_c-c++_application_(system_debugger)/system_debugger_using_debug_mainprogram.elf_on_local.tcl'
18:36:41 INFO  : Disconnected from the channel tcfchan#4.
18:36:42 INFO  : 'targets -set -filter {jtag_cable_name =~ "Digilent Nexys4 210274674836A" && level==0} -index 0' command is executed.
18:36:42 INFO  : 'fpga -state' command is executed.
18:36:48 INFO  : Connected to target on host '127.0.0.1' and port '3121'.
18:36:48 INFO  : Jtag cable 'Digilent Nexys4 210274674836A' is selected.
18:36:48 INFO  : 'jtag frequency' command is executed.
18:36:48 INFO  : 'configparams mdm-detect-bscan-mask 2' command is executed.
18:36:51 ERROR : no targets found with "name =~ "microblaze*#0" && bscan=="USER2"  && jtag_cable_name =~ "Digilent Nexys4 210274674836A"". available targets:
  1* xc7a100t
18:36:51 INFO  : ----------------XSDB Script----------------
connect -url tcp:127.0.0.1:3121
configparams mdm-detect-bscan-mask 2
targets -set -nocase -filter {name =~ "microblaze*#0" && bscan=="USER2"  && jtag_cable_name =~ "Digilent Nexys4 210274674836A"} -index 0
----------------End of Script----------------

18:37:37 INFO  : 'targets -set -filter {jtag_cable_name =~ "Digilent Nexys4 210274674836A" && level==0} -index 0' command is executed.
18:37:37 INFO  : 'fpga -state' command is executed.
18:37:37 INFO  : Connected to target on host '127.0.0.1' and port '3121'.
18:37:37 INFO  : Jtag cable 'Digilent Nexys4 210274674836A' is selected.
18:37:37 INFO  : 'jtag frequency' command is executed.
18:37:37 INFO  : 'configparams mdm-detect-bscan-mask 2' command is executed.
18:37:37 INFO  : Context for processor 'microblaze_0' is selected.
18:37:37 INFO  : Processor reset is completed for 'microblaze_0'.
18:37:37 INFO  : Context for processor 'microblaze_0' is selected.
18:37:37 INFO  : The application '/tools/Xilinx/Vivado/2018.3/bin/Aula10_2/Aula10_2.sdk/MainProgram/Debug/MainProgram.elf' is downloaded to processor 'microblaze_0'.
18:37:37 INFO  : ----------------XSDB Script----------------
connect -url tcp:127.0.0.1:3121
configparams mdm-detect-bscan-mask 2
targets -set -nocase -filter {name =~ "microblaze*#0" && bscan=="USER2"  && jtag_cable_name =~ "Digilent Nexys4 210274674836A"} -index 0
rst -processor
targets -set -nocase -filter {name =~ "microblaze*#0" && bscan=="USER2"  && jtag_cable_name =~ "Digilent Nexys4 210274674836A"} -index 0
dow /tools/Xilinx/Vivado/2018.3/bin/Aula10_2/Aula10_2.sdk/MainProgram/Debug/MainProgram.elf
----------------End of Script----------------

18:37:37 INFO  : Context for processor 'microblaze_0' is selected.
18:37:37 INFO  : 'con' command is executed.
18:37:37 INFO  : ----------------XSDB Script (After Launch)----------------
targets -set -nocase -filter {name =~ "microblaze*#0" && bscan=="USER2"  && jtag_cable_name =~ "Digilent Nexys4 210274674836A"} -index 0
con
----------------End of Script----------------

18:37:37 INFO  : Disconnected from the channel tcfchan#5.
18:37:48 INFO  : 'targets -set -filter {jtag_cable_name =~ "Digilent Nexys4 210274674836A" && level==0} -index 0' command is executed.
18:37:48 INFO  : 'fpga -state' command is executed.
18:37:48 INFO  : Connected to target on host '127.0.0.1' and port '3121'.
18:37:48 INFO  : Jtag cable 'Digilent Nexys4 210274674836A' is selected.
18:37:48 INFO  : 'jtag frequency' command is executed.
18:37:48 INFO  : 'configparams mdm-detect-bscan-mask 2' command is executed.
18:37:48 INFO  : Context for processor 'microblaze_0' is selected.
18:37:48 INFO  : Processor reset is completed for 'microblaze_0'.
18:37:48 INFO  : Context for processor 'microblaze_0' is selected.
18:37:48 INFO  : The application '/tools/Xilinx/Vivado/2018.3/bin/Aula10_2/Aula10_2.sdk/MainProgram/Debug/MainProgram.elf' is downloaded to processor 'microblaze_0'.
18:37:48 INFO  : ----------------XSDB Script----------------
connect -url tcp:127.0.0.1:3121
configparams mdm-detect-bscan-mask 2
targets -set -nocase -filter {name =~ "microblaze*#0" && bscan=="USER2"  && jtag_cable_name =~ "Digilent Nexys4 210274674836A"} -index 0
rst -processor
targets -set -nocase -filter {name =~ "microblaze*#0" && bscan=="USER2"  && jtag_cable_name =~ "Digilent Nexys4 210274674836A"} -index 0
dow /tools/Xilinx/Vivado/2018.3/bin/Aula10_2/Aula10_2.sdk/MainProgram/Debug/MainProgram.elf
----------------End of Script----------------

18:37:48 INFO  : Context for processor 'microblaze_0' is selected.
18:37:48 INFO  : 'con' command is executed.
18:37:48 INFO  : ----------------XSDB Script (After Launch)----------------
targets -set -nocase -filter {name =~ "microblaze*#0" && bscan=="USER2"  && jtag_cable_name =~ "Digilent Nexys4 210274674836A"} -index 0
con
----------------End of Script----------------

18:37:48 INFO  : Disconnected from the channel tcfchan#6.
18:38:16 INFO  : 'targets -set -filter {jtag_cable_name =~ "Digilent Nexys4 210274674836A" && level==0} -index 0' command is executed.
18:38:16 INFO  : 'fpga -state' command is executed.
18:38:16 INFO  : Connected to target on host '127.0.0.1' and port '3121'.
18:38:16 INFO  : Jtag cable 'Digilent Nexys4 210274674836A' is selected.
18:38:16 INFO  : 'jtag frequency' command is executed.
18:38:16 INFO  : 'configparams mdm-detect-bscan-mask 2' command is executed.
18:38:16 INFO  : Context for processor 'microblaze_0' is selected.
18:38:16 INFO  : Processor reset is completed for 'microblaze_0'.
18:38:16 INFO  : Context for processor 'microblaze_0' is selected.
18:38:16 INFO  : The application '/tools/Xilinx/Vivado/2018.3/bin/Aula10_2/Aula10_2.sdk/MainProgram/Debug/MainProgram.elf' is downloaded to processor 'microblaze_0'.
18:38:16 INFO  : ----------------XSDB Script----------------
connect -url tcp:127.0.0.1:3121
configparams mdm-detect-bscan-mask 2
targets -set -nocase -filter {name =~ "microblaze*#0" && bscan=="USER2"  && jtag_cable_name =~ "Digilent Nexys4 210274674836A"} -index 0
rst -processor
targets -set -nocase -filter {name =~ "microblaze*#0" && bscan=="USER2"  && jtag_cable_name =~ "Digilent Nexys4 210274674836A"} -index 0
dow /tools/Xilinx/Vivado/2018.3/bin/Aula10_2/Aula10_2.sdk/MainProgram/Debug/MainProgram.elf
----------------End of Script----------------

18:38:16 INFO  : Context for processor 'microblaze_0' is selected.
18:38:16 INFO  : 'con' command is executed.
18:38:16 INFO  : ----------------XSDB Script (After Launch)----------------
targets -set -nocase -filter {name =~ "microblaze*#0" && bscan=="USER2"  && jtag_cable_name =~ "Digilent Nexys4 210274674836A"} -index 0
con
----------------End of Script----------------

18:38:16 INFO  : Disconnected from the channel tcfchan#7.
18:38:22 INFO  : 'targets -set -filter {jtag_cable_name =~ "Digilent Nexys4 210274674836A" && level==0} -index 0' command is executed.
18:38:22 INFO  : 'fpga -state' command is executed.
18:38:22 INFO  : Connected to target on host '127.0.0.1' and port '3121'.
18:38:22 INFO  : Jtag cable 'Digilent Nexys4 210274674836A' is selected.
18:38:22 INFO  : 'jtag frequency' command is executed.
18:38:22 INFO  : 'configparams mdm-detect-bscan-mask 2' command is executed.
18:38:22 INFO  : Context for processor 'microblaze_0' is selected.
18:38:22 INFO  : Processor reset is completed for 'microblaze_0'.
18:38:22 INFO  : Context for processor 'microblaze_0' is selected.
18:38:22 INFO  : The application '/tools/Xilinx/Vivado/2018.3/bin/Aula10_2/Aula10_2.sdk/MainProgram/Debug/MainProgram.elf' is downloaded to processor 'microblaze_0'.
18:38:22 INFO  : ----------------XSDB Script----------------
connect -url tcp:127.0.0.1:3121
configparams mdm-detect-bscan-mask 2
targets -set -nocase -filter {name =~ "microblaze*#0" && bscan=="USER2"  && jtag_cable_name =~ "Digilent Nexys4 210274674836A"} -index 0
rst -processor
targets -set -nocase -filter {name =~ "microblaze*#0" && bscan=="USER2"  && jtag_cable_name =~ "Digilent Nexys4 210274674836A"} -index 0
dow /tools/Xilinx/Vivado/2018.3/bin/Aula10_2/Aula10_2.sdk/MainProgram/Debug/MainProgram.elf
----------------End of Script----------------

18:38:22 INFO  : Context for processor 'microblaze_0' is selected.
18:38:22 INFO  : 'con' command is executed.
18:38:22 INFO  : ----------------XSDB Script (After Launch)----------------
targets -set -nocase -filter {name =~ "microblaze*#0" && bscan=="USER2"  && jtag_cable_name =~ "Digilent Nexys4 210274674836A"} -index 0
con
----------------End of Script----------------

18:38:22 INFO  : Disconnected from the channel tcfchan#8.
18:38:44 INFO  : Connected to target on host '127.0.0.1' and port '3121'.
18:38:44 INFO  : Jtag cable 'Digilent Nexys4 210274674836A' is selected.
18:38:44 INFO  : 'jtag frequency' command is executed.
18:38:44 INFO  : 'targets -set -filter {jtag_cable_name =~ "Digilent Nexys4 210274674836A" && level==0} -index 0' command is executed.
18:38:47 INFO  : FPGA configured successfully with bitstream "/tools/Xilinx/Vivado/2018.3/bin/Aula10_2/Aula10_2.sdk/design_1_wrapper_hw_platform_0/design_1_wrapper.bit"
18:38:47 INFO  : 'configparams mdm-detect-bscan-mask 2' command is executed.
18:38:47 INFO  : Context for processor 'microblaze_0' is selected.
18:38:47 INFO  : System reset is completed.
18:38:50 INFO  : 'after 3000' command is executed.
18:38:50 INFO  : Context for processor 'microblaze_0' is selected.
18:38:50 INFO  : The application '/tools/Xilinx/Vivado/2018.3/bin/Aula10_2/Aula10_2.sdk/MainProgram/Debug/MainProgram.elf' is downloaded to processor 'microblaze_0'.
18:38:50 INFO  : ----------------XSDB Script----------------
connect -url tcp:127.0.0.1:3121
targets -set -filter {jtag_cable_name =~ "Digilent Nexys4 210274674836A" && level==0} -index 0
fpga -file /tools/Xilinx/Vivado/2018.3/bin/Aula10_2/Aula10_2.sdk/design_1_wrapper_hw_platform_0/design_1_wrapper.bit
configparams mdm-detect-bscan-mask 2
targets -set -nocase -filter {name =~ "microblaze*#0" && bscan=="USER2"  && jtag_cable_name =~ "Digilent Nexys4 210274674836A"} -index 0
rst -system
after 3000
targets -set -nocase -filter {name =~ "microblaze*#0" && bscan=="USER2"  && jtag_cable_name =~ "Digilent Nexys4 210274674836A"} -index 0
dow /tools/Xilinx/Vivado/2018.3/bin/Aula10_2/Aula10_2.sdk/MainProgram/Debug/MainProgram.elf
----------------End of Script----------------

18:38:50 INFO  : Context for processor 'microblaze_0' is selected.
18:38:50 INFO  : 'con' command is executed.
18:38:50 INFO  : ----------------XSDB Script (After Launch)----------------
targets -set -nocase -filter {name =~ "microblaze*#0" && bscan=="USER2"  && jtag_cable_name =~ "Digilent Nexys4 210274674836A"} -index 0
con
----------------End of Script----------------

18:38:50 INFO  : Disconnected from the channel tcfchan#9.
18:39:28 INFO  : 'targets -set -filter {jtag_cable_name =~ "Digilent Nexys4 210274674836A" && level==0} -index 0' command is executed.
18:39:28 INFO  : 'fpga -state' command is executed.
18:39:28 INFO  : Connected to target on host '127.0.0.1' and port '3121'.
18:39:29 INFO  : Jtag cable 'Digilent Nexys4 210274674836A' is selected.
18:39:29 INFO  : 'jtag frequency' command is executed.
18:39:29 INFO  : 'configparams mdm-detect-bscan-mask 2' command is executed.
18:39:29 INFO  : Context for processor 'microblaze_0' is selected.
18:39:29 INFO  : Processor reset is completed for 'microblaze_0'.
18:39:29 INFO  : Context for processor 'microblaze_0' is selected.
18:39:29 INFO  : The application '/tools/Xilinx/Vivado/2018.3/bin/Aula10_2/Aula10_2.sdk/MainProgram/Debug/MainProgram.elf' is downloaded to processor 'microblaze_0'.
18:39:29 INFO  : ----------------XSDB Script----------------
connect -url tcp:127.0.0.1:3121
configparams mdm-detect-bscan-mask 2
targets -set -nocase -filter {name =~ "microblaze*#0" && bscan=="USER2"  && jtag_cable_name =~ "Digilent Nexys4 210274674836A"} -index 0
rst -processor
targets -set -nocase -filter {name =~ "microblaze*#0" && bscan=="USER2"  && jtag_cable_name =~ "Digilent Nexys4 210274674836A"} -index 0
dow /tools/Xilinx/Vivado/2018.3/bin/Aula10_2/Aula10_2.sdk/MainProgram/Debug/MainProgram.elf
----------------End of Script----------------

18:39:29 INFO  : Memory regions updated for context PA
18:39:29 INFO  : Memory regions updated for context MicroBlaze Debug Module at USER2
18:39:29 INFO  : Context for processor 'microblaze_0' is selected.
18:39:29 INFO  : 'con' command is executed.
18:39:29 INFO  : ----------------XSDB Script (After Launch)----------------
targets -set -nocase -filter {name =~ "microblaze*#0" && bscan=="USER2"  && jtag_cable_name =~ "Digilent Nexys4 210274674836A"} -index 0
con
----------------End of Script----------------

18:39:29 INFO  : Launch script is exported to file '/tools/Xilinx/Vivado/2018.3/bin/Aula10_2/Aula10_2.sdk/.sdk/launch_scripts/xilinx_c-c++_application_(system_debugger)/system_debugger_using_debug_mainprogram.elf_on_local.tcl'
18:39:40 INFO  : Disconnected from the channel tcfchan#10.
18:39:41 INFO  : 'targets -set -filter {jtag_cable_name =~ "Digilent Nexys4 210274674836A" && level==0} -index 0' command is executed.
18:39:41 INFO  : 'fpga -state' command is executed.
18:39:41 INFO  : Connected to target on host '127.0.0.1' and port '3121'.
18:39:41 INFO  : Jtag cable 'Digilent Nexys4 210274674836A' is selected.
18:39:41 INFO  : 'jtag frequency' command is executed.
18:39:41 INFO  : 'configparams mdm-detect-bscan-mask 2' command is executed.
18:39:41 INFO  : Context for processor 'microblaze_0' is selected.
18:39:41 INFO  : Processor reset is completed for 'microblaze_0'.
18:39:41 INFO  : Context for processor 'microblaze_0' is selected.
18:39:41 INFO  : The application '/tools/Xilinx/Vivado/2018.3/bin/Aula10_2/Aula10_2.sdk/MainProgram/Debug/MainProgram.elf' is downloaded to processor 'microblaze_0'.
18:39:41 INFO  : ----------------XSDB Script----------------
connect -url tcp:127.0.0.1:3121
configparams mdm-detect-bscan-mask 2
targets -set -nocase -filter {name =~ "microblaze*#0" && bscan=="USER2"  && jtag_cable_name =~ "Digilent Nexys4 210274674836A"} -index 0
rst -processor
targets -set -nocase -filter {name =~ "microblaze*#0" && bscan=="USER2"  && jtag_cable_name =~ "Digilent Nexys4 210274674836A"} -index 0
dow /tools/Xilinx/Vivado/2018.3/bin/Aula10_2/Aula10_2.sdk/MainProgram/Debug/MainProgram.elf
----------------End of Script----------------

18:39:41 INFO  : Memory regions updated for context PA
18:39:41 INFO  : Memory regions updated for context MicroBlaze Debug Module at USER2
18:39:41 INFO  : Context for processor 'microblaze_0' is selected.
18:39:41 INFO  : 'con' command is executed.
18:39:41 INFO  : ----------------XSDB Script (After Launch)----------------
targets -set -nocase -filter {name =~ "microblaze*#0" && bscan=="USER2"  && jtag_cable_name =~ "Digilent Nexys4 210274674836A"} -index 0
con
----------------End of Script----------------

18:39:41 INFO  : Launch script is exported to file '/tools/Xilinx/Vivado/2018.3/bin/Aula10_2/Aula10_2.sdk/.sdk/launch_scripts/xilinx_c-c++_application_(system_debugger)/system_debugger_using_debug_mainprogram.elf_on_local.tcl'
18:39:53 INFO  : Disconnected from the channel tcfchan#11.
18:39:54 INFO  : 'targets -set -filter {jtag_cable_name =~ "Digilent Nexys4 210274674836A" && level==0} -index 0' command is executed.
18:39:54 INFO  : 'fpga -state' command is executed.
18:39:54 INFO  : Connected to target on host '127.0.0.1' and port '3121'.
18:39:54 INFO  : Jtag cable 'Digilent Nexys4 210274674836A' is selected.
18:39:54 INFO  : 'jtag frequency' command is executed.
18:39:54 INFO  : 'configparams mdm-detect-bscan-mask 2' command is executed.
18:39:54 INFO  : Context for processor 'microblaze_0' is selected.
18:39:54 INFO  : Processor reset is completed for 'microblaze_0'.
18:39:54 INFO  : Context for processor 'microblaze_0' is selected.
18:39:54 INFO  : The application '/tools/Xilinx/Vivado/2018.3/bin/Aula10_2/Aula10_2.sdk/MainProgram/Debug/MainProgram.elf' is downloaded to processor 'microblaze_0'.
18:39:54 INFO  : ----------------XSDB Script----------------
connect -url tcp:127.0.0.1:3121
configparams mdm-detect-bscan-mask 2
targets -set -nocase -filter {name =~ "microblaze*#0" && bscan=="USER2"  && jtag_cable_name =~ "Digilent Nexys4 210274674836A"} -index 0
rst -processor
targets -set -nocase -filter {name =~ "microblaze*#0" && bscan=="USER2"  && jtag_cable_name =~ "Digilent Nexys4 210274674836A"} -index 0
dow /tools/Xilinx/Vivado/2018.3/bin/Aula10_2/Aula10_2.sdk/MainProgram/Debug/MainProgram.elf
----------------End of Script----------------

18:39:54 INFO  : Memory regions updated for context PA
18:39:54 INFO  : Memory regions updated for context MicroBlaze Debug Module at USER2
18:39:55 INFO  : Context for processor 'microblaze_0' is selected.
18:39:55 INFO  : 'con' command is executed.
18:39:55 INFO  : ----------------XSDB Script (After Launch)----------------
targets -set -nocase -filter {name =~ "microblaze*#0" && bscan=="USER2"  && jtag_cable_name =~ "Digilent Nexys4 210274674836A"} -index 0
con
----------------End of Script----------------

18:39:55 INFO  : Launch script is exported to file '/tools/Xilinx/Vivado/2018.3/bin/Aula10_2/Aula10_2.sdk/.sdk/launch_scripts/xilinx_c-c++_application_(system_debugger)/system_debugger_using_debug_mainprogram.elf_on_local.tcl'
18:40:14 INFO  : Disconnected from the channel tcfchan#12.
18:40:15 INFO  : 'targets -set -filter {jtag_cable_name =~ "Digilent Nexys4 210274674836A" && level==0} -index 0' command is executed.
18:40:15 INFO  : 'fpga -state' command is executed.
18:40:15 INFO  : Connected to target on host '127.0.0.1' and port '3121'.
18:40:15 INFO  : Jtag cable 'Digilent Nexys4 210274674836A' is selected.
18:40:15 INFO  : 'jtag frequency' command is executed.
18:40:15 INFO  : 'configparams mdm-detect-bscan-mask 2' command is executed.
18:40:15 INFO  : Context for processor 'microblaze_0' is selected.
18:40:15 INFO  : Processor reset is completed for 'microblaze_0'.
18:40:15 INFO  : Context for processor 'microblaze_0' is selected.
18:40:15 INFO  : The application '/tools/Xilinx/Vivado/2018.3/bin/Aula10_2/Aula10_2.sdk/MainProgram/Debug/MainProgram.elf' is downloaded to processor 'microblaze_0'.
18:40:15 INFO  : ----------------XSDB Script----------------
connect -url tcp:127.0.0.1:3121
configparams mdm-detect-bscan-mask 2
targets -set -nocase -filter {name =~ "microblaze*#0" && bscan=="USER2"  && jtag_cable_name =~ "Digilent Nexys4 210274674836A"} -index 0
rst -processor
targets -set -nocase -filter {name =~ "microblaze*#0" && bscan=="USER2"  && jtag_cable_name =~ "Digilent Nexys4 210274674836A"} -index 0
dow /tools/Xilinx/Vivado/2018.3/bin/Aula10_2/Aula10_2.sdk/MainProgram/Debug/MainProgram.elf
----------------End of Script----------------

18:40:15 INFO  : Memory regions updated for context PA
18:40:15 INFO  : Memory regions updated for context MicroBlaze Debug Module at USER2
18:40:15 INFO  : Context for processor 'microblaze_0' is selected.
18:40:15 INFO  : 'con' command is executed.
18:40:15 INFO  : ----------------XSDB Script (After Launch)----------------
targets -set -nocase -filter {name =~ "microblaze*#0" && bscan=="USER2"  && jtag_cable_name =~ "Digilent Nexys4 210274674836A"} -index 0
con
----------------End of Script----------------

18:40:15 INFO  : Launch script is exported to file '/tools/Xilinx/Vivado/2018.3/bin/Aula10_2/Aula10_2.sdk/.sdk/launch_scripts/xilinx_c-c++_application_(system_debugger)/system_debugger_using_debug_mainprogram.elf_on_local.tcl'
18:40:28 INFO  : Disconnected from the channel tcfchan#13.
18:40:29 INFO  : 'targets -set -filter {jtag_cable_name =~ "Digilent Nexys4 210274674836A" && level==0} -index 0' command is executed.
18:40:29 INFO  : 'fpga -state' command is executed.
18:40:29 INFO  : Connected to target on host '127.0.0.1' and port '3121'.
18:40:29 INFO  : Jtag cable 'Digilent Nexys4 210274674836A' is selected.
18:40:29 INFO  : 'jtag frequency' command is executed.
18:40:29 INFO  : 'configparams mdm-detect-bscan-mask 2' command is executed.
18:40:29 INFO  : Context for processor 'microblaze_0' is selected.
18:40:29 INFO  : Processor reset is completed for 'microblaze_0'.
18:40:29 INFO  : Context for processor 'microblaze_0' is selected.
18:40:29 INFO  : The application '/tools/Xilinx/Vivado/2018.3/bin/Aula10_2/Aula10_2.sdk/MainProgram/Debug/MainProgram.elf' is downloaded to processor 'microblaze_0'.
18:40:29 INFO  : ----------------XSDB Script----------------
connect -url tcp:127.0.0.1:3121
configparams mdm-detect-bscan-mask 2
targets -set -nocase -filter {name =~ "microblaze*#0" && bscan=="USER2"  && jtag_cable_name =~ "Digilent Nexys4 210274674836A"} -index 0
rst -processor
targets -set -nocase -filter {name =~ "microblaze*#0" && bscan=="USER2"  && jtag_cable_name =~ "Digilent Nexys4 210274674836A"} -index 0
dow /tools/Xilinx/Vivado/2018.3/bin/Aula10_2/Aula10_2.sdk/MainProgram/Debug/MainProgram.elf
----------------End of Script----------------

18:40:29 INFO  : Memory regions updated for context PA
18:40:29 INFO  : Memory regions updated for context MicroBlaze Debug Module at USER2
18:40:29 INFO  : Context for processor 'microblaze_0' is selected.
18:40:29 INFO  : 'con' command is executed.
18:40:29 INFO  : ----------------XSDB Script (After Launch)----------------
targets -set -nocase -filter {name =~ "microblaze*#0" && bscan=="USER2"  && jtag_cable_name =~ "Digilent Nexys4 210274674836A"} -index 0
con
----------------End of Script----------------

18:40:29 INFO  : Launch script is exported to file '/tools/Xilinx/Vivado/2018.3/bin/Aula10_2/Aula10_2.sdk/.sdk/launch_scripts/xilinx_c-c++_application_(system_debugger)/system_debugger_using_debug_mainprogram.elf_on_local.tcl'
18:52:16 INFO  : Disconnected from the channel tcfchan#14.
18:54:02 INFO  : 'targets -set -filter {jtag_cable_name =~ "Digilent Nexys4 210274674836A" && level==0} -index 0' command is executed.
18:54:02 INFO  : 'fpga -state' command is executed.
18:54:02 INFO  : Connected to target on host '127.0.0.1' and port '3121'.
18:54:02 INFO  : Jtag cable 'Digilent Nexys4 210274674836A' is selected.
18:54:02 INFO  : 'jtag frequency' command is executed.
18:54:02 INFO  : 'configparams mdm-detect-bscan-mask 2' command is executed.
18:54:02 INFO  : Context for processor 'microblaze_0' is selected.
18:54:02 INFO  : Processor reset is completed for 'microblaze_0'.
18:54:02 INFO  : Context for processor 'microblaze_0' is selected.
18:54:02 INFO  : The application '/tools/Xilinx/Vivado/2018.3/bin/Aula10_2/Aula10_2.sdk/MainProgram/Debug/MainProgram.elf' is downloaded to processor 'microblaze_0'.
18:54:02 INFO  : ----------------XSDB Script----------------
connect -url tcp:127.0.0.1:3121
configparams mdm-detect-bscan-mask 2
targets -set -nocase -filter {name =~ "microblaze*#0" && bscan=="USER2"  && jtag_cable_name =~ "Digilent Nexys4 210274674836A"} -index 0
rst -processor
targets -set -nocase -filter {name =~ "microblaze*#0" && bscan=="USER2"  && jtag_cable_name =~ "Digilent Nexys4 210274674836A"} -index 0
dow /tools/Xilinx/Vivado/2018.3/bin/Aula10_2/Aula10_2.sdk/MainProgram/Debug/MainProgram.elf
----------------End of Script----------------

18:54:02 INFO  : Memory regions updated for context PA
18:54:02 INFO  : Memory regions updated for context MicroBlaze Debug Module at USER2
18:54:02 INFO  : Context for processor 'microblaze_0' is selected.
18:54:02 INFO  : 'con' command is executed.
18:54:02 INFO  : ----------------XSDB Script (After Launch)----------------
targets -set -nocase -filter {name =~ "microblaze*#0" && bscan=="USER2"  && jtag_cable_name =~ "Digilent Nexys4 210274674836A"} -index 0
con
----------------End of Script----------------

18:54:02 INFO  : Launch script is exported to file '/tools/Xilinx/Vivado/2018.3/bin/Aula10_2/Aula10_2.sdk/.sdk/launch_scripts/xilinx_c-c++_application_(system_debugger)/system_debugger_using_debug_mainprogram.elf_on_local.tcl'
18:55:04 INFO  : Disconnected from the channel tcfchan#15.
18:55:06 INFO  : 'targets -set -filter {jtag_cable_name =~ "Digilent Nexys4 210274674836A" && level==0} -index 0' command is executed.
18:55:06 INFO  : 'fpga -state' command is executed.
18:55:06 INFO  : Connected to target on host '127.0.0.1' and port '3121'.
18:55:06 INFO  : Jtag cable 'Digilent Nexys4 210274674836A' is selected.
18:55:06 INFO  : 'jtag frequency' command is executed.
18:55:06 INFO  : 'configparams mdm-detect-bscan-mask 2' command is executed.
18:55:06 INFO  : Context for processor 'microblaze_0' is selected.
18:55:06 INFO  : Processor reset is completed for 'microblaze_0'.
18:55:06 INFO  : Context for processor 'microblaze_0' is selected.
18:55:06 INFO  : The application '/tools/Xilinx/Vivado/2018.3/bin/Aula10_2/Aula10_2.sdk/MainProgram/Debug/MainProgram.elf' is downloaded to processor 'microblaze_0'.
18:55:06 INFO  : ----------------XSDB Script----------------
connect -url tcp:127.0.0.1:3121
configparams mdm-detect-bscan-mask 2
targets -set -nocase -filter {name =~ "microblaze*#0" && bscan=="USER2"  && jtag_cable_name =~ "Digilent Nexys4 210274674836A"} -index 0
rst -processor
targets -set -nocase -filter {name =~ "microblaze*#0" && bscan=="USER2"  && jtag_cable_name =~ "Digilent Nexys4 210274674836A"} -index 0
dow /tools/Xilinx/Vivado/2018.3/bin/Aula10_2/Aula10_2.sdk/MainProgram/Debug/MainProgram.elf
----------------End of Script----------------

18:55:06 INFO  : Memory regions updated for context PA
18:55:06 INFO  : Memory regions updated for context MicroBlaze Debug Module at USER2
18:55:06 INFO  : Context for processor 'microblaze_0' is selected.
18:55:06 INFO  : 'con' command is executed.
18:55:06 INFO  : ----------------XSDB Script (After Launch)----------------
targets -set -nocase -filter {name =~ "microblaze*#0" && bscan=="USER2"  && jtag_cable_name =~ "Digilent Nexys4 210274674836A"} -index 0
con
----------------End of Script----------------

18:55:06 INFO  : Launch script is exported to file '/tools/Xilinx/Vivado/2018.3/bin/Aula10_2/Aula10_2.sdk/.sdk/launch_scripts/xilinx_c-c++_application_(system_debugger)/system_debugger_using_debug_mainprogram.elf_on_local.tcl'
18:55:43 INFO  : Disconnected from the channel tcfchan#16.
18:55:44 INFO  : 'targets -set -filter {jtag_cable_name =~ "Digilent Nexys4 210274674836A" && level==0} -index 0' command is executed.
18:55:44 INFO  : 'fpga -state' command is executed.
18:55:44 INFO  : Connected to target on host '127.0.0.1' and port '3121'.
18:55:44 INFO  : Jtag cable 'Digilent Nexys4 210274674836A' is selected.
18:55:44 INFO  : 'jtag frequency' command is executed.
18:55:44 INFO  : 'configparams mdm-detect-bscan-mask 2' command is executed.
18:55:44 INFO  : Context for processor 'microblaze_0' is selected.
18:55:44 INFO  : Processor reset is completed for 'microblaze_0'.
18:55:44 INFO  : Context for processor 'microblaze_0' is selected.
18:55:44 INFO  : The application '/tools/Xilinx/Vivado/2018.3/bin/Aula10_2/Aula10_2.sdk/MainProgram/Debug/MainProgram.elf' is downloaded to processor 'microblaze_0'.
18:55:44 INFO  : ----------------XSDB Script----------------
connect -url tcp:127.0.0.1:3121
configparams mdm-detect-bscan-mask 2
targets -set -nocase -filter {name =~ "microblaze*#0" && bscan=="USER2"  && jtag_cable_name =~ "Digilent Nexys4 210274674836A"} -index 0
rst -processor
targets -set -nocase -filter {name =~ "microblaze*#0" && bscan=="USER2"  && jtag_cable_name =~ "Digilent Nexys4 210274674836A"} -index 0
dow /tools/Xilinx/Vivado/2018.3/bin/Aula10_2/Aula10_2.sdk/MainProgram/Debug/MainProgram.elf
----------------End of Script----------------

18:55:44 INFO  : Memory regions updated for context PA
18:55:44 INFO  : Memory regions updated for context MicroBlaze Debug Module at USER2
18:55:44 INFO  : Context for processor 'microblaze_0' is selected.
18:55:44 INFO  : 'con' command is executed.
18:55:44 INFO  : ----------------XSDB Script (After Launch)----------------
targets -set -nocase -filter {name =~ "microblaze*#0" && bscan=="USER2"  && jtag_cable_name =~ "Digilent Nexys4 210274674836A"} -index 0
con
----------------End of Script----------------

18:55:44 INFO  : Launch script is exported to file '/tools/Xilinx/Vivado/2018.3/bin/Aula10_2/Aula10_2.sdk/.sdk/launch_scripts/xilinx_c-c++_application_(system_debugger)/system_debugger_using_debug_mainprogram.elf_on_local.tcl'
18:56:01 INFO  : Disconnected from the channel tcfchan#17.
18:56:02 INFO  : 'targets -set -filter {jtag_cable_name =~ "Digilent Nexys4 210274674836A" && level==0} -index 0' command is executed.
18:56:02 INFO  : 'fpga -state' command is executed.
18:56:02 INFO  : Connected to target on host '127.0.0.1' and port '3121'.
18:56:02 INFO  : Jtag cable 'Digilent Nexys4 210274674836A' is selected.
18:56:02 INFO  : 'jtag frequency' command is executed.
18:56:02 INFO  : 'configparams mdm-detect-bscan-mask 2' command is executed.
18:56:02 INFO  : Context for processor 'microblaze_0' is selected.
18:56:02 INFO  : Processor reset is completed for 'microblaze_0'.
18:56:02 INFO  : Context for processor 'microblaze_0' is selected.
18:56:02 INFO  : The application '/tools/Xilinx/Vivado/2018.3/bin/Aula10_2/Aula10_2.sdk/MainProgram/Debug/MainProgram.elf' is downloaded to processor 'microblaze_0'.
18:56:02 INFO  : ----------------XSDB Script----------------
connect -url tcp:127.0.0.1:3121
configparams mdm-detect-bscan-mask 2
targets -set -nocase -filter {name =~ "microblaze*#0" && bscan=="USER2"  && jtag_cable_name =~ "Digilent Nexys4 210274674836A"} -index 0
rst -processor
targets -set -nocase -filter {name =~ "microblaze*#0" && bscan=="USER2"  && jtag_cable_name =~ "Digilent Nexys4 210274674836A"} -index 0
dow /tools/Xilinx/Vivado/2018.3/bin/Aula10_2/Aula10_2.sdk/MainProgram/Debug/MainProgram.elf
----------------End of Script----------------

18:56:02 INFO  : Memory regions updated for context PA
18:56:02 INFO  : Memory regions updated for context MicroBlaze Debug Module at USER2
18:56:02 INFO  : Context for processor 'microblaze_0' is selected.
18:56:02 INFO  : 'con' command is executed.
18:56:02 INFO  : ----------------XSDB Script (After Launch)----------------
targets -set -nocase -filter {name =~ "microblaze*#0" && bscan=="USER2"  && jtag_cable_name =~ "Digilent Nexys4 210274674836A"} -index 0
con
----------------End of Script----------------

18:56:02 INFO  : Launch script is exported to file '/tools/Xilinx/Vivado/2018.3/bin/Aula10_2/Aula10_2.sdk/.sdk/launch_scripts/xilinx_c-c++_application_(system_debugger)/system_debugger_using_debug_mainprogram.elf_on_local.tcl'
18:57:50 INFO  : Disconnected from the channel tcfchan#18.
18:57:51 INFO  : 'targets -set -filter {jtag_cable_name =~ "Digilent Nexys4 210274674836A" && level==0} -index 0' command is executed.
18:57:51 INFO  : 'fpga -state' command is executed.
18:57:51 INFO  : Connected to target on host '127.0.0.1' and port '3121'.
18:57:51 INFO  : Jtag cable 'Digilent Nexys4 210274674836A' is selected.
18:57:51 INFO  : 'jtag frequency' command is executed.
18:57:51 INFO  : 'configparams mdm-detect-bscan-mask 2' command is executed.
18:57:51 INFO  : Context for processor 'microblaze_0' is selected.
18:57:51 INFO  : Processor reset is completed for 'microblaze_0'.
18:57:51 INFO  : Context for processor 'microblaze_0' is selected.
18:57:51 INFO  : The application '/tools/Xilinx/Vivado/2018.3/bin/Aula10_2/Aula10_2.sdk/MainProgram/Debug/MainProgram.elf' is downloaded to processor 'microblaze_0'.
18:57:51 INFO  : ----------------XSDB Script----------------
connect -url tcp:127.0.0.1:3121
configparams mdm-detect-bscan-mask 2
targets -set -nocase -filter {name =~ "microblaze*#0" && bscan=="USER2"  && jtag_cable_name =~ "Digilent Nexys4 210274674836A"} -index 0
rst -processor
targets -set -nocase -filter {name =~ "microblaze*#0" && bscan=="USER2"  && jtag_cable_name =~ "Digilent Nexys4 210274674836A"} -index 0
dow /tools/Xilinx/Vivado/2018.3/bin/Aula10_2/Aula10_2.sdk/MainProgram/Debug/MainProgram.elf
----------------End of Script----------------

18:57:51 INFO  : Memory regions updated for context PA
18:57:51 INFO  : Memory regions updated for context MicroBlaze Debug Module at USER2
18:57:51 INFO  : Context for processor 'microblaze_0' is selected.
18:57:51 INFO  : 'con' command is executed.
18:57:51 INFO  : ----------------XSDB Script (After Launch)----------------
targets -set -nocase -filter {name =~ "microblaze*#0" && bscan=="USER2"  && jtag_cable_name =~ "Digilent Nexys4 210274674836A"} -index 0
con
----------------End of Script----------------

18:57:51 INFO  : Launch script is exported to file '/tools/Xilinx/Vivado/2018.3/bin/Aula10_2/Aula10_2.sdk/.sdk/launch_scripts/xilinx_c-c++_application_(system_debugger)/system_debugger_using_debug_mainprogram.elf_on_local.tcl'
19:04:31 INFO  : Disconnected from the channel tcfchan#19.
19:04:32 INFO  : 'targets -set -filter {jtag_cable_name =~ "Digilent Nexys4 210274674836A" && level==0} -index 0' command is executed.
19:04:32 INFO  : 'fpga -state' command is executed.
19:04:32 INFO  : Connected to target on host '127.0.0.1' and port '3121'.
19:04:32 INFO  : Jtag cable 'Digilent Nexys4 210274674836A' is selected.
19:04:32 INFO  : 'jtag frequency' command is executed.
19:04:32 INFO  : 'configparams mdm-detect-bscan-mask 2' command is executed.
19:04:32 INFO  : Context for processor 'microblaze_0' is selected.
19:04:32 INFO  : Processor reset is completed for 'microblaze_0'.
19:04:32 INFO  : Context for processor 'microblaze_0' is selected.
19:04:32 INFO  : The application '/tools/Xilinx/Vivado/2018.3/bin/Aula10_2/Aula10_2.sdk/MainProgram/Debug/MainProgram.elf' is downloaded to processor 'microblaze_0'.
19:04:32 INFO  : ----------------XSDB Script----------------
connect -url tcp:127.0.0.1:3121
configparams mdm-detect-bscan-mask 2
targets -set -nocase -filter {name =~ "microblaze*#0" && bscan=="USER2"  && jtag_cable_name =~ "Digilent Nexys4 210274674836A"} -index 0
rst -processor
targets -set -nocase -filter {name =~ "microblaze*#0" && bscan=="USER2"  && jtag_cable_name =~ "Digilent Nexys4 210274674836A"} -index 0
dow /tools/Xilinx/Vivado/2018.3/bin/Aula10_2/Aula10_2.sdk/MainProgram/Debug/MainProgram.elf
----------------End of Script----------------

19:04:32 INFO  : Memory regions updated for context PA
19:04:32 INFO  : Memory regions updated for context MicroBlaze Debug Module at USER2
19:04:32 INFO  : Context for processor 'microblaze_0' is selected.
19:04:32 INFO  : 'con' command is executed.
19:04:32 INFO  : ----------------XSDB Script (After Launch)----------------
targets -set -nocase -filter {name =~ "microblaze*#0" && bscan=="USER2"  && jtag_cable_name =~ "Digilent Nexys4 210274674836A"} -index 0
con
----------------End of Script----------------

19:04:32 INFO  : Launch script is exported to file '/tools/Xilinx/Vivado/2018.3/bin/Aula10_2/Aula10_2.sdk/.sdk/launch_scripts/xilinx_c-c++_application_(system_debugger)/system_debugger_using_debug_mainprogram.elf_on_local.tcl'
19:05:02 INFO  : Disconnected from the channel tcfchan#20.
19:05:11 INFO  : 'targets -set -filter {jtag_cable_name =~ "Digilent Nexys4 210274674836A" && level==0} -index 0' command is executed.
19:05:11 INFO  : 'fpga -state' command is executed.
19:05:11 INFO  : Connected to target on host '127.0.0.1' and port '3121'.
19:05:11 INFO  : Jtag cable 'Digilent Nexys4 210274674836A' is selected.
19:05:11 INFO  : 'jtag frequency' command is executed.
19:05:11 INFO  : 'configparams mdm-detect-bscan-mask 2' command is executed.
19:05:11 INFO  : ----------------XSDB Script----------------
connect -url tcp:127.0.0.1:3121
configparams mdm-detect-bscan-mask 2
----------------End of Script----------------

19:05:11 INFO  : Memory regions updated for context PA
19:05:11 INFO  : Memory regions updated for context MicroBlaze Debug Module at USER2
19:05:11 INFO  : Launch script is exported to file '/tools/Xilinx/Vivado/2018.3/bin/Aula10_2/Aula10_2.sdk/.sdk/launch_scripts/xilinx_c-c++_application_(system_debugger)/system_debugger_using_debug_mainprogram.elf_on_local.tcl'
19:05:29 INFO  : Disconnected from the channel tcfchan#21.
19:05:46 INFO  : 'targets -set -filter {jtag_cable_name =~ "Digilent Nexys4 210274674836A" && level==0} -index 0' command is executed.
19:05:46 INFO  : 'fpga -state' command is executed.
19:05:46 INFO  : Connected to target on host '127.0.0.1' and port '3121'.
19:05:46 INFO  : Jtag cable 'Digilent Nexys4 210274674836A' is selected.
19:05:46 INFO  : 'jtag frequency' command is executed.
19:05:46 INFO  : 'configparams mdm-detect-bscan-mask 2' command is executed.
19:05:46 INFO  : Context for processor 'microblaze_0' is selected.
19:05:46 INFO  : Processor reset is completed for 'microblaze_0'.
19:05:46 INFO  : Context for processor 'microblaze_0' is selected.
19:05:46 INFO  : The application '/tools/Xilinx/Vivado/2018.3/bin/Aula10_2/Aula10_2.sdk/MainProgram/Debug/MainProgram.elf' is downloaded to processor 'microblaze_0'.
19:05:46 INFO  : ----------------XSDB Script----------------
connect -url tcp:127.0.0.1:3121
configparams mdm-detect-bscan-mask 2
targets -set -nocase -filter {name =~ "microblaze*#0" && bscan=="USER2"  && jtag_cable_name =~ "Digilent Nexys4 210274674836A"} -index 0
rst -processor
targets -set -nocase -filter {name =~ "microblaze*#0" && bscan=="USER2"  && jtag_cable_name =~ "Digilent Nexys4 210274674836A"} -index 0
dow /tools/Xilinx/Vivado/2018.3/bin/Aula10_2/Aula10_2.sdk/MainProgram/Debug/MainProgram.elf
----------------End of Script----------------

19:05:46 INFO  : Memory regions updated for context PA
19:05:46 INFO  : Memory regions updated for context MicroBlaze Debug Module at USER2
19:05:46 INFO  : Context for processor 'microblaze_0' is selected.
19:05:46 INFO  : 'con' command is executed.
19:05:46 INFO  : ----------------XSDB Script (After Launch)----------------
targets -set -nocase -filter {name =~ "microblaze*#0" && bscan=="USER2"  && jtag_cable_name =~ "Digilent Nexys4 210274674836A"} -index 0
con
----------------End of Script----------------

19:05:46 INFO  : Launch script is exported to file '/tools/Xilinx/Vivado/2018.3/bin/Aula10_2/Aula10_2.sdk/.sdk/launch_scripts/xilinx_c-c++_application_(system_debugger)/system_debugger_using_debug_mainprogram.elf_on_local.tcl'
19:19:15 INFO  : Disconnected from the channel tcfchan#22.
19:19:16 INFO  : 'targets -set -filter {jtag_cable_name =~ "Digilent Nexys4 210274674836A" && level==0} -index 0' command is executed.
19:19:16 INFO  : 'fpga -state' command is executed.
19:19:16 INFO  : Connected to target on host '127.0.0.1' and port '3121'.
19:19:17 INFO  : Jtag cable 'Digilent Nexys4 210274674836A' is selected.
19:19:17 INFO  : 'jtag frequency' command is executed.
19:19:17 INFO  : 'configparams mdm-detect-bscan-mask 2' command is executed.
19:19:17 INFO  : Context for processor 'microblaze_0' is selected.
19:19:17 INFO  : Processor reset is completed for 'microblaze_0'.
19:19:17 INFO  : Context for processor 'microblaze_0' is selected.
19:19:17 INFO  : The application '/tools/Xilinx/Vivado/2018.3/bin/Aula10_2/Aula10_2.sdk/MainProgram/Debug/MainProgram.elf' is downloaded to processor 'microblaze_0'.
19:19:17 INFO  : ----------------XSDB Script----------------
connect -url tcp:127.0.0.1:3121
configparams mdm-detect-bscan-mask 2
targets -set -nocase -filter {name =~ "microblaze*#0" && bscan=="USER2"  && jtag_cable_name =~ "Digilent Nexys4 210274674836A"} -index 0
rst -processor
targets -set -nocase -filter {name =~ "microblaze*#0" && bscan=="USER2"  && jtag_cable_name =~ "Digilent Nexys4 210274674836A"} -index 0
dow /tools/Xilinx/Vivado/2018.3/bin/Aula10_2/Aula10_2.sdk/MainProgram/Debug/MainProgram.elf
----------------End of Script----------------

19:19:17 INFO  : Memory regions updated for context PA
19:19:17 INFO  : Memory regions updated for context MicroBlaze Debug Module at USER2
19:19:17 INFO  : Context for processor 'microblaze_0' is selected.
19:19:17 INFO  : 'con' command is executed.
19:19:17 INFO  : ----------------XSDB Script (After Launch)----------------
targets -set -nocase -filter {name =~ "microblaze*#0" && bscan=="USER2"  && jtag_cable_name =~ "Digilent Nexys4 210274674836A"} -index 0
con
----------------End of Script----------------

19:19:17 INFO  : Launch script is exported to file '/tools/Xilinx/Vivado/2018.3/bin/Aula10_2/Aula10_2.sdk/.sdk/launch_scripts/xilinx_c-c++_application_(system_debugger)/system_debugger_using_debug_mainprogram.elf_on_local.tcl'
19:19:45 INFO  : Disconnected from the channel tcfchan#23.
19:19:46 INFO  : 'targets -set -filter {jtag_cable_name =~ "Digilent Nexys4 210274674836A" && level==0} -index 0' command is executed.
19:19:46 INFO  : 'fpga -state' command is executed.
19:19:46 INFO  : Connected to target on host '127.0.0.1' and port '3121'.
19:19:46 INFO  : Jtag cable 'Digilent Nexys4 210274674836A' is selected.
19:19:46 INFO  : 'jtag frequency' command is executed.
19:19:46 INFO  : 'configparams mdm-detect-bscan-mask 2' command is executed.
19:19:46 INFO  : Context for processor 'microblaze_0' is selected.
19:19:46 INFO  : Processor reset is completed for 'microblaze_0'.
19:19:46 INFO  : Context for processor 'microblaze_0' is selected.
19:19:46 INFO  : The application '/tools/Xilinx/Vivado/2018.3/bin/Aula10_2/Aula10_2.sdk/MainProgram/Debug/MainProgram.elf' is downloaded to processor 'microblaze_0'.
19:19:46 INFO  : ----------------XSDB Script----------------
connect -url tcp:127.0.0.1:3121
configparams mdm-detect-bscan-mask 2
targets -set -nocase -filter {name =~ "microblaze*#0" && bscan=="USER2"  && jtag_cable_name =~ "Digilent Nexys4 210274674836A"} -index 0
rst -processor
targets -set -nocase -filter {name =~ "microblaze*#0" && bscan=="USER2"  && jtag_cable_name =~ "Digilent Nexys4 210274674836A"} -index 0
dow /tools/Xilinx/Vivado/2018.3/bin/Aula10_2/Aula10_2.sdk/MainProgram/Debug/MainProgram.elf
----------------End of Script----------------

19:19:47 INFO  : Memory regions updated for context PA
19:19:47 INFO  : Memory regions updated for context MicroBlaze Debug Module at USER2
19:19:47 INFO  : Context for processor 'microblaze_0' is selected.
19:19:47 INFO  : 'con' command is executed.
19:19:47 INFO  : ----------------XSDB Script (After Launch)----------------
targets -set -nocase -filter {name =~ "microblaze*#0" && bscan=="USER2"  && jtag_cable_name =~ "Digilent Nexys4 210274674836A"} -index 0
con
----------------End of Script----------------

19:19:47 INFO  : Launch script is exported to file '/tools/Xilinx/Vivado/2018.3/bin/Aula10_2/Aula10_2.sdk/.sdk/launch_scripts/xilinx_c-c++_application_(system_debugger)/system_debugger_using_debug_mainprogram.elf_on_local.tcl'
19:20:22 INFO  : Disconnected from the channel tcfchan#24.
19:20:23 INFO  : 'targets -set -filter {jtag_cable_name =~ "Digilent Nexys4 210274674836A" && level==0} -index 0' command is executed.
19:20:23 INFO  : 'fpga -state' command is executed.
19:20:23 INFO  : Connected to target on host '127.0.0.1' and port '3121'.
19:20:23 INFO  : Jtag cable 'Digilent Nexys4 210274674836A' is selected.
19:20:23 INFO  : 'jtag frequency' command is executed.
19:20:23 INFO  : 'configparams mdm-detect-bscan-mask 2' command is executed.
19:20:23 INFO  : Context for processor 'microblaze_0' is selected.
19:20:23 INFO  : Processor reset is completed for 'microblaze_0'.
19:20:23 INFO  : Context for processor 'microblaze_0' is selected.
19:20:23 INFO  : The application '/tools/Xilinx/Vivado/2018.3/bin/Aula10_2/Aula10_2.sdk/MainProgram/Debug/MainProgram.elf' is downloaded to processor 'microblaze_0'.
19:20:23 INFO  : ----------------XSDB Script----------------
connect -url tcp:127.0.0.1:3121
configparams mdm-detect-bscan-mask 2
targets -set -nocase -filter {name =~ "microblaze*#0" && bscan=="USER2"  && jtag_cable_name =~ "Digilent Nexys4 210274674836A"} -index 0
rst -processor
targets -set -nocase -filter {name =~ "microblaze*#0" && bscan=="USER2"  && jtag_cable_name =~ "Digilent Nexys4 210274674836A"} -index 0
dow /tools/Xilinx/Vivado/2018.3/bin/Aula10_2/Aula10_2.sdk/MainProgram/Debug/MainProgram.elf
----------------End of Script----------------

19:20:23 INFO  : Memory regions updated for context PA
19:20:23 INFO  : Memory regions updated for context MicroBlaze Debug Module at USER2
19:20:23 INFO  : Context for processor 'microblaze_0' is selected.
19:20:23 INFO  : 'con' command is executed.
19:20:23 INFO  : ----------------XSDB Script (After Launch)----------------
targets -set -nocase -filter {name =~ "microblaze*#0" && bscan=="USER2"  && jtag_cable_name =~ "Digilent Nexys4 210274674836A"} -index 0
con
----------------End of Script----------------

19:20:23 INFO  : Launch script is exported to file '/tools/Xilinx/Vivado/2018.3/bin/Aula10_2/Aula10_2.sdk/.sdk/launch_scripts/xilinx_c-c++_application_(system_debugger)/system_debugger_using_debug_mainprogram.elf_on_local.tcl'
19:21:18 INFO  : Disconnected from the channel tcfchan#25.
19:21:20 INFO  : 'targets -set -filter {jtag_cable_name =~ "Digilent Nexys4 210274674836A" && level==0} -index 0' command is executed.
19:21:20 INFO  : 'fpga -state' command is executed.
19:21:20 INFO  : Connected to target on host '127.0.0.1' and port '3121'.
19:21:20 INFO  : Jtag cable 'Digilent Nexys4 210274674836A' is selected.
19:21:20 INFO  : 'jtag frequency' command is executed.
19:21:20 INFO  : 'configparams mdm-detect-bscan-mask 2' command is executed.
19:21:20 INFO  : Context for processor 'microblaze_0' is selected.
19:21:20 INFO  : Processor reset is completed for 'microblaze_0'.
19:21:20 INFO  : Context for processor 'microblaze_0' is selected.
19:21:20 INFO  : The application '/tools/Xilinx/Vivado/2018.3/bin/Aula10_2/Aula10_2.sdk/MainProgram/Debug/MainProgram.elf' is downloaded to processor 'microblaze_0'.
19:21:20 INFO  : ----------------XSDB Script----------------
connect -url tcp:127.0.0.1:3121
configparams mdm-detect-bscan-mask 2
targets -set -nocase -filter {name =~ "microblaze*#0" && bscan=="USER2"  && jtag_cable_name =~ "Digilent Nexys4 210274674836A"} -index 0
rst -processor
targets -set -nocase -filter {name =~ "microblaze*#0" && bscan=="USER2"  && jtag_cable_name =~ "Digilent Nexys4 210274674836A"} -index 0
dow /tools/Xilinx/Vivado/2018.3/bin/Aula10_2/Aula10_2.sdk/MainProgram/Debug/MainProgram.elf
----------------End of Script----------------

19:21:20 INFO  : Memory regions updated for context PA
19:21:20 INFO  : Memory regions updated for context MicroBlaze Debug Module at USER2
19:21:20 INFO  : Context for processor 'microblaze_0' is selected.
19:21:20 INFO  : 'con' command is executed.
19:21:20 INFO  : ----------------XSDB Script (After Launch)----------------
targets -set -nocase -filter {name =~ "microblaze*#0" && bscan=="USER2"  && jtag_cable_name =~ "Digilent Nexys4 210274674836A"} -index 0
con
----------------End of Script----------------

19:21:20 INFO  : Launch script is exported to file '/tools/Xilinx/Vivado/2018.3/bin/Aula10_2/Aula10_2.sdk/.sdk/launch_scripts/xilinx_c-c++_application_(system_debugger)/system_debugger_using_debug_mainprogram.elf_on_local.tcl'
19:21:42 INFO  : Disconnected from the channel tcfchan#26.
19:21:43 INFO  : 'targets -set -filter {jtag_cable_name =~ "Digilent Nexys4 210274674836A" && level==0} -index 0' command is executed.
19:21:43 INFO  : 'fpga -state' command is executed.
19:21:43 INFO  : Connected to target on host '127.0.0.1' and port '3121'.
19:21:43 INFO  : Jtag cable 'Digilent Nexys4 210274674836A' is selected.
19:21:43 INFO  : 'jtag frequency' command is executed.
19:21:43 INFO  : 'configparams mdm-detect-bscan-mask 2' command is executed.
19:21:43 INFO  : Context for processor 'microblaze_0' is selected.
19:21:43 INFO  : Processor reset is completed for 'microblaze_0'.
19:21:43 INFO  : Context for processor 'microblaze_0' is selected.
19:21:43 INFO  : The application '/tools/Xilinx/Vivado/2018.3/bin/Aula10_2/Aula10_2.sdk/MainProgram/Debug/MainProgram.elf' is downloaded to processor 'microblaze_0'.
19:21:43 INFO  : ----------------XSDB Script----------------
connect -url tcp:127.0.0.1:3121
configparams mdm-detect-bscan-mask 2
targets -set -nocase -filter {name =~ "microblaze*#0" && bscan=="USER2"  && jtag_cable_name =~ "Digilent Nexys4 210274674836A"} -index 0
rst -processor
targets -set -nocase -filter {name =~ "microblaze*#0" && bscan=="USER2"  && jtag_cable_name =~ "Digilent Nexys4 210274674836A"} -index 0
dow /tools/Xilinx/Vivado/2018.3/bin/Aula10_2/Aula10_2.sdk/MainProgram/Debug/MainProgram.elf
----------------End of Script----------------

19:21:43 INFO  : Memory regions updated for context PA
19:21:43 INFO  : Memory regions updated for context MicroBlaze Debug Module at USER2
19:21:43 INFO  : Context for processor 'microblaze_0' is selected.
19:21:43 INFO  : 'con' command is executed.
19:21:43 INFO  : ----------------XSDB Script (After Launch)----------------
targets -set -nocase -filter {name =~ "microblaze*#0" && bscan=="USER2"  && jtag_cable_name =~ "Digilent Nexys4 210274674836A"} -index 0
con
----------------End of Script----------------

19:21:43 INFO  : Launch script is exported to file '/tools/Xilinx/Vivado/2018.3/bin/Aula10_2/Aula10_2.sdk/.sdk/launch_scripts/xilinx_c-c++_application_(system_debugger)/system_debugger_using_debug_mainprogram.elf_on_local.tcl'
19:22:41 INFO  : Disconnected from the channel tcfchan#27.
19:23:47 INFO  : 'targets -set -filter {jtag_cable_name =~ "Digilent Nexys4 210274674836A" && level==0} -index 0' command is executed.
19:23:47 INFO  : 'fpga -state' command is executed.
19:23:47 INFO  : Connected to target on host '127.0.0.1' and port '3121'.
19:23:47 INFO  : Jtag cable 'Digilent Nexys4 210274674836A' is selected.
19:23:47 INFO  : 'jtag frequency' command is executed.
19:23:47 INFO  : 'configparams mdm-detect-bscan-mask 2' command is executed.
19:23:47 INFO  : Context for processor 'microblaze_0' is selected.
19:23:47 INFO  : Processor reset is completed for 'microblaze_0'.
19:23:47 INFO  : Context for processor 'microblaze_0' is selected.
19:23:47 INFO  : The application '/tools/Xilinx/Vivado/2018.3/bin/Aula10_2/Aula10_2.sdk/MainProgram/Debug/MainProgram.elf' is downloaded to processor 'microblaze_0'.
19:23:47 INFO  : ----------------XSDB Script----------------
connect -url tcp:127.0.0.1:3121
configparams mdm-detect-bscan-mask 2
targets -set -nocase -filter {name =~ "microblaze*#0" && bscan=="USER2"  && jtag_cable_name =~ "Digilent Nexys4 210274674836A"} -index 0
rst -processor
targets -set -nocase -filter {name =~ "microblaze*#0" && bscan=="USER2"  && jtag_cable_name =~ "Digilent Nexys4 210274674836A"} -index 0
dow /tools/Xilinx/Vivado/2018.3/bin/Aula10_2/Aula10_2.sdk/MainProgram/Debug/MainProgram.elf
----------------End of Script----------------

19:23:47 INFO  : Memory regions updated for context PA
19:23:47 INFO  : Memory regions updated for context MicroBlaze Debug Module at USER2
19:23:47 INFO  : Context for processor 'microblaze_0' is selected.
19:23:47 INFO  : 'con' command is executed.
19:23:47 INFO  : ----------------XSDB Script (After Launch)----------------
targets -set -nocase -filter {name =~ "microblaze*#0" && bscan=="USER2"  && jtag_cable_name =~ "Digilent Nexys4 210274674836A"} -index 0
con
----------------End of Script----------------

19:23:47 INFO  : Launch script is exported to file '/tools/Xilinx/Vivado/2018.3/bin/Aula10_2/Aula10_2.sdk/.sdk/launch_scripts/xilinx_c-c++_application_(system_debugger)/system_debugger_using_debug_mainprogram.elf_on_local.tcl'
19:24:04 INFO  : Disconnected from the channel tcfchan#28.
19:24:05 INFO  : 'targets -set -filter {jtag_cable_name =~ "Digilent Nexys4 210274674836A" && level==0} -index 0' command is executed.
19:24:05 INFO  : 'fpga -state' command is executed.
19:24:05 INFO  : Connected to target on host '127.0.0.1' and port '3121'.
19:24:05 INFO  : Jtag cable 'Digilent Nexys4 210274674836A' is selected.
19:24:05 INFO  : 'jtag frequency' command is executed.
19:24:05 INFO  : 'configparams mdm-detect-bscan-mask 2' command is executed.
19:24:05 INFO  : Context for processor 'microblaze_0' is selected.
19:24:05 INFO  : Processor reset is completed for 'microblaze_0'.
19:24:05 INFO  : Context for processor 'microblaze_0' is selected.
19:24:05 INFO  : The application '/tools/Xilinx/Vivado/2018.3/bin/Aula10_2/Aula10_2.sdk/MainProgram/Debug/MainProgram.elf' is downloaded to processor 'microblaze_0'.
19:24:05 INFO  : ----------------XSDB Script----------------
connect -url tcp:127.0.0.1:3121
configparams mdm-detect-bscan-mask 2
targets -set -nocase -filter {name =~ "microblaze*#0" && bscan=="USER2"  && jtag_cable_name =~ "Digilent Nexys4 210274674836A"} -index 0
rst -processor
targets -set -nocase -filter {name =~ "microblaze*#0" && bscan=="USER2"  && jtag_cable_name =~ "Digilent Nexys4 210274674836A"} -index 0
dow /tools/Xilinx/Vivado/2018.3/bin/Aula10_2/Aula10_2.sdk/MainProgram/Debug/MainProgram.elf
----------------End of Script----------------

19:24:05 INFO  : Memory regions updated for context PA
19:24:05 INFO  : Memory regions updated for context MicroBlaze Debug Module at USER2
19:24:05 INFO  : Context for processor 'microblaze_0' is selected.
19:24:05 INFO  : 'con' command is executed.
19:24:05 INFO  : ----------------XSDB Script (After Launch)----------------
targets -set -nocase -filter {name =~ "microblaze*#0" && bscan=="USER2"  && jtag_cable_name =~ "Digilent Nexys4 210274674836A"} -index 0
con
----------------End of Script----------------

19:24:05 INFO  : Launch script is exported to file '/tools/Xilinx/Vivado/2018.3/bin/Aula10_2/Aula10_2.sdk/.sdk/launch_scripts/xilinx_c-c++_application_(system_debugger)/system_debugger_using_debug_mainprogram.elf_on_local.tcl'
19:26:20 INFO  : Disconnected from the channel tcfchan#29.
19:26:21 INFO  : 'targets -set -filter {jtag_cable_name =~ "Digilent Nexys4 210274674836A" && level==0} -index 0' command is executed.
19:26:21 INFO  : 'fpga -state' command is executed.
19:26:21 INFO  : Connected to target on host '127.0.0.1' and port '3121'.
19:26:21 INFO  : Jtag cable 'Digilent Nexys4 210274674836A' is selected.
19:26:21 INFO  : 'jtag frequency' command is executed.
19:26:21 INFO  : 'configparams mdm-detect-bscan-mask 2' command is executed.
19:26:21 INFO  : Context for processor 'microblaze_0' is selected.
19:26:21 INFO  : Processor reset is completed for 'microblaze_0'.
19:26:21 INFO  : Context for processor 'microblaze_0' is selected.
19:26:22 INFO  : The application '/tools/Xilinx/Vivado/2018.3/bin/Aula10_2/Aula10_2.sdk/MainProgram/Debug/MainProgram.elf' is downloaded to processor 'microblaze_0'.
19:26:22 INFO  : ----------------XSDB Script----------------
connect -url tcp:127.0.0.1:3121
configparams mdm-detect-bscan-mask 2
targets -set -nocase -filter {name =~ "microblaze*#0" && bscan=="USER2"  && jtag_cable_name =~ "Digilent Nexys4 210274674836A"} -index 0
rst -processor
targets -set -nocase -filter {name =~ "microblaze*#0" && bscan=="USER2"  && jtag_cable_name =~ "Digilent Nexys4 210274674836A"} -index 0
dow /tools/Xilinx/Vivado/2018.3/bin/Aula10_2/Aula10_2.sdk/MainProgram/Debug/MainProgram.elf
----------------End of Script----------------

19:26:22 INFO  : Memory regions updated for context PA
19:26:22 INFO  : Memory regions updated for context MicroBlaze Debug Module at USER2
19:26:22 INFO  : Context for processor 'microblaze_0' is selected.
19:26:22 INFO  : 'con' command is executed.
19:26:22 INFO  : ----------------XSDB Script (After Launch)----------------
targets -set -nocase -filter {name =~ "microblaze*#0" && bscan=="USER2"  && jtag_cable_name =~ "Digilent Nexys4 210274674836A"} -index 0
con
----------------End of Script----------------

19:26:22 INFO  : Launch script is exported to file '/tools/Xilinx/Vivado/2018.3/bin/Aula10_2/Aula10_2.sdk/.sdk/launch_scripts/xilinx_c-c++_application_(system_debugger)/system_debugger_using_debug_mainprogram.elf_on_local.tcl'
19:30:29 INFO  : Disconnected from the channel tcfchan#30.
19:30:30 INFO  : 'targets -set -filter {jtag_cable_name =~ "Digilent Nexys4 210274674836A" && level==0} -index 0' command is executed.
19:30:30 INFO  : 'fpga -state' command is executed.
19:30:30 INFO  : Connected to target on host '127.0.0.1' and port '3121'.
19:30:30 INFO  : Jtag cable 'Digilent Nexys4 210274674836A' is selected.
19:30:30 INFO  : 'jtag frequency' command is executed.
19:30:30 INFO  : 'configparams mdm-detect-bscan-mask 2' command is executed.
19:30:30 INFO  : Context for processor 'microblaze_0' is selected.
19:30:30 INFO  : Processor reset is completed for 'microblaze_0'.
19:30:30 INFO  : Context for processor 'microblaze_0' is selected.
19:30:30 INFO  : The application '/tools/Xilinx/Vivado/2018.3/bin/Aula10_2/Aula10_2.sdk/MainProgram/Debug/MainProgram.elf' is downloaded to processor 'microblaze_0'.
19:30:30 INFO  : ----------------XSDB Script----------------
connect -url tcp:127.0.0.1:3121
configparams mdm-detect-bscan-mask 2
targets -set -nocase -filter {name =~ "microblaze*#0" && bscan=="USER2"  && jtag_cable_name =~ "Digilent Nexys4 210274674836A"} -index 0
rst -processor
targets -set -nocase -filter {name =~ "microblaze*#0" && bscan=="USER2"  && jtag_cable_name =~ "Digilent Nexys4 210274674836A"} -index 0
dow /tools/Xilinx/Vivado/2018.3/bin/Aula10_2/Aula10_2.sdk/MainProgram/Debug/MainProgram.elf
----------------End of Script----------------

19:30:30 INFO  : Memory regions updated for context PA
19:30:30 INFO  : Memory regions updated for context MicroBlaze Debug Module at USER2
19:30:30 INFO  : Context for processor 'microblaze_0' is selected.
19:30:30 INFO  : 'con' command is executed.
19:30:30 INFO  : ----------------XSDB Script (After Launch)----------------
targets -set -nocase -filter {name =~ "microblaze*#0" && bscan=="USER2"  && jtag_cable_name =~ "Digilent Nexys4 210274674836A"} -index 0
con
----------------End of Script----------------

19:30:30 INFO  : Launch script is exported to file '/tools/Xilinx/Vivado/2018.3/bin/Aula10_2/Aula10_2.sdk/.sdk/launch_scripts/xilinx_c-c++_application_(system_debugger)/system_debugger_using_debug_mainprogram.elf_on_local.tcl'
19:30:40 INFO  : Disconnected from the channel tcfchan#31.
19:30:42 INFO  : 'targets -set -filter {jtag_cable_name =~ "Digilent Nexys4 210274674836A" && level==0} -index 0' command is executed.
19:30:42 INFO  : 'fpga -state' command is executed.
19:30:42 INFO  : Connected to target on host '127.0.0.1' and port '3121'.
19:30:42 INFO  : Jtag cable 'Digilent Nexys4 210274674836A' is selected.
19:30:42 INFO  : 'jtag frequency' command is executed.
19:30:42 INFO  : 'configparams mdm-detect-bscan-mask 2' command is executed.
19:30:42 INFO  : Context for processor 'microblaze_0' is selected.
19:30:42 INFO  : Processor reset is completed for 'microblaze_0'.
19:30:42 INFO  : Context for processor 'microblaze_0' is selected.
19:30:42 INFO  : The application '/tools/Xilinx/Vivado/2018.3/bin/Aula10_2/Aula10_2.sdk/MainProgram/Debug/MainProgram.elf' is downloaded to processor 'microblaze_0'.
19:30:42 INFO  : ----------------XSDB Script----------------
connect -url tcp:127.0.0.1:3121
configparams mdm-detect-bscan-mask 2
targets -set -nocase -filter {name =~ "microblaze*#0" && bscan=="USER2"  && jtag_cable_name =~ "Digilent Nexys4 210274674836A"} -index 0
rst -processor
targets -set -nocase -filter {name =~ "microblaze*#0" && bscan=="USER2"  && jtag_cable_name =~ "Digilent Nexys4 210274674836A"} -index 0
dow /tools/Xilinx/Vivado/2018.3/bin/Aula10_2/Aula10_2.sdk/MainProgram/Debug/MainProgram.elf
----------------End of Script----------------

19:30:42 INFO  : Memory regions updated for context PA
19:30:42 INFO  : Memory regions updated for context MicroBlaze Debug Module at USER2
19:30:42 INFO  : Context for processor 'microblaze_0' is selected.
19:30:42 INFO  : 'con' command is executed.
19:30:42 INFO  : ----------------XSDB Script (After Launch)----------------
targets -set -nocase -filter {name =~ "microblaze*#0" && bscan=="USER2"  && jtag_cable_name =~ "Digilent Nexys4 210274674836A"} -index 0
con
----------------End of Script----------------

19:30:42 INFO  : Launch script is exported to file '/tools/Xilinx/Vivado/2018.3/bin/Aula10_2/Aula10_2.sdk/.sdk/launch_scripts/xilinx_c-c++_application_(system_debugger)/system_debugger_using_debug_mainprogram.elf_on_local.tcl'
19:33:37 INFO  : Disconnected from the channel tcfchan#32.
19:33:38 INFO  : 'targets -set -filter {jtag_cable_name =~ "Digilent Nexys4 210274674836A" && level==0} -index 0' command is executed.
19:33:38 INFO  : 'fpga -state' command is executed.
19:33:38 INFO  : Connected to target on host '127.0.0.1' and port '3121'.
19:33:39 INFO  : Jtag cable 'Digilent Nexys4 210274674836A' is selected.
19:33:39 INFO  : 'jtag frequency' command is executed.
19:33:39 INFO  : 'configparams mdm-detect-bscan-mask 2' command is executed.
19:33:39 INFO  : Context for processor 'microblaze_0' is selected.
19:33:39 INFO  : Processor reset is completed for 'microblaze_0'.
19:33:39 INFO  : Context for processor 'microblaze_0' is selected.
19:33:39 INFO  : The application '/tools/Xilinx/Vivado/2018.3/bin/Aula10_2/Aula10_2.sdk/MainProgram/Debug/MainProgram.elf' is downloaded to processor 'microblaze_0'.
19:33:39 INFO  : ----------------XSDB Script----------------
connect -url tcp:127.0.0.1:3121
configparams mdm-detect-bscan-mask 2
targets -set -nocase -filter {name =~ "microblaze*#0" && bscan=="USER2"  && jtag_cable_name =~ "Digilent Nexys4 210274674836A"} -index 0
rst -processor
targets -set -nocase -filter {name =~ "microblaze*#0" && bscan=="USER2"  && jtag_cable_name =~ "Digilent Nexys4 210274674836A"} -index 0
dow /tools/Xilinx/Vivado/2018.3/bin/Aula10_2/Aula10_2.sdk/MainProgram/Debug/MainProgram.elf
----------------End of Script----------------

19:33:39 INFO  : Memory regions updated for context PA
19:33:39 INFO  : Memory regions updated for context MicroBlaze Debug Module at USER2
19:33:39 INFO  : Context for processor 'microblaze_0' is selected.
19:33:39 INFO  : 'con' command is executed.
19:33:39 INFO  : ----------------XSDB Script (After Launch)----------------
targets -set -nocase -filter {name =~ "microblaze*#0" && bscan=="USER2"  && jtag_cable_name =~ "Digilent Nexys4 210274674836A"} -index 0
con
----------------End of Script----------------

19:33:39 INFO  : Launch script is exported to file '/tools/Xilinx/Vivado/2018.3/bin/Aula10_2/Aula10_2.sdk/.sdk/launch_scripts/xilinx_c-c++_application_(system_debugger)/system_debugger_using_debug_mainprogram.elf_on_local.tcl'
19:34:08 INFO  : Disconnected from the channel tcfchan#33.
19:34:10 INFO  : 'targets -set -filter {jtag_cable_name =~ "Digilent Nexys4 210274674836A" && level==0} -index 0' command is executed.
19:34:10 INFO  : 'fpga -state' command is executed.
19:34:10 INFO  : Connected to target on host '127.0.0.1' and port '3121'.
19:34:10 INFO  : Jtag cable 'Digilent Nexys4 210274674836A' is selected.
19:34:10 INFO  : 'jtag frequency' command is executed.
19:34:10 INFO  : 'configparams mdm-detect-bscan-mask 2' command is executed.
19:34:10 INFO  : Context for processor 'microblaze_0' is selected.
19:34:10 INFO  : Processor reset is completed for 'microblaze_0'.
19:34:10 INFO  : Context for processor 'microblaze_0' is selected.
19:34:10 INFO  : The application '/tools/Xilinx/Vivado/2018.3/bin/Aula10_2/Aula10_2.sdk/MainProgram/Debug/MainProgram.elf' is downloaded to processor 'microblaze_0'.
19:34:10 INFO  : ----------------XSDB Script----------------
connect -url tcp:127.0.0.1:3121
configparams mdm-detect-bscan-mask 2
targets -set -nocase -filter {name =~ "microblaze*#0" && bscan=="USER2"  && jtag_cable_name =~ "Digilent Nexys4 210274674836A"} -index 0
rst -processor
targets -set -nocase -filter {name =~ "microblaze*#0" && bscan=="USER2"  && jtag_cable_name =~ "Digilent Nexys4 210274674836A"} -index 0
dow /tools/Xilinx/Vivado/2018.3/bin/Aula10_2/Aula10_2.sdk/MainProgram/Debug/MainProgram.elf
----------------End of Script----------------

19:34:10 INFO  : Memory regions updated for context PA
19:34:10 INFO  : Memory regions updated for context MicroBlaze Debug Module at USER2
19:34:10 INFO  : Context for processor 'microblaze_0' is selected.
19:34:10 INFO  : 'con' command is executed.
19:34:10 INFO  : ----------------XSDB Script (After Launch)----------------
targets -set -nocase -filter {name =~ "microblaze*#0" && bscan=="USER2"  && jtag_cable_name =~ "Digilent Nexys4 210274674836A"} -index 0
con
----------------End of Script----------------

19:34:10 INFO  : Launch script is exported to file '/tools/Xilinx/Vivado/2018.3/bin/Aula10_2/Aula10_2.sdk/.sdk/launch_scripts/xilinx_c-c++_application_(system_debugger)/system_debugger_using_debug_mainprogram.elf_on_local.tcl'
19:35:16 INFO  : Disconnected from the channel tcfchan#34.
19:35:17 INFO  : 'targets -set -filter {jtag_cable_name =~ "Digilent Nexys4 210274674836A" && level==0} -index 0' command is executed.
19:35:17 INFO  : 'fpga -state' command is executed.
19:35:17 INFO  : Connected to target on host '127.0.0.1' and port '3121'.
19:35:17 INFO  : Jtag cable 'Digilent Nexys4 210274674836A' is selected.
19:35:17 INFO  : 'jtag frequency' command is executed.
19:35:17 INFO  : 'configparams mdm-detect-bscan-mask 2' command is executed.
19:35:17 INFO  : Context for processor 'microblaze_0' is selected.
19:35:17 INFO  : Processor reset is completed for 'microblaze_0'.
19:35:17 INFO  : Context for processor 'microblaze_0' is selected.
19:35:17 INFO  : The application '/tools/Xilinx/Vivado/2018.3/bin/Aula10_2/Aula10_2.sdk/MainProgram/Debug/MainProgram.elf' is downloaded to processor 'microblaze_0'.
19:35:17 INFO  : ----------------XSDB Script----------------
connect -url tcp:127.0.0.1:3121
configparams mdm-detect-bscan-mask 2
targets -set -nocase -filter {name =~ "microblaze*#0" && bscan=="USER2"  && jtag_cable_name =~ "Digilent Nexys4 210274674836A"} -index 0
rst -processor
targets -set -nocase -filter {name =~ "microblaze*#0" && bscan=="USER2"  && jtag_cable_name =~ "Digilent Nexys4 210274674836A"} -index 0
dow /tools/Xilinx/Vivado/2018.3/bin/Aula10_2/Aula10_2.sdk/MainProgram/Debug/MainProgram.elf
----------------End of Script----------------

19:35:17 INFO  : Memory regions updated for context PA
19:35:17 INFO  : Memory regions updated for context MicroBlaze Debug Module at USER2
19:35:17 INFO  : Context for processor 'microblaze_0' is selected.
19:35:17 INFO  : 'con' command is executed.
19:35:17 INFO  : ----------------XSDB Script (After Launch)----------------
targets -set -nocase -filter {name =~ "microblaze*#0" && bscan=="USER2"  && jtag_cable_name =~ "Digilent Nexys4 210274674836A"} -index 0
con
----------------End of Script----------------

19:35:17 INFO  : Launch script is exported to file '/tools/Xilinx/Vivado/2018.3/bin/Aula10_2/Aula10_2.sdk/.sdk/launch_scripts/xilinx_c-c++_application_(system_debugger)/system_debugger_using_debug_mainprogram.elf_on_local.tcl'
20:10:57 WARN  : channel "tcfchan#2" closed
20:10:57 INFO  : Disconnected from the channel tcfchan#35.
12:00:35 INFO  : Registering command handlers for SDK TCF services
12:00:36 INFO  : Launching XSCT server: xsct -n -interactive /home/danielmartins/Documentos/Universidade/CR/Projecto/Aula10_2/Aula10_2.sdk/temp_xsdb_launch_script.tcl
12:00:38 INFO  : XSCT server has started successfully.
12:00:39 INFO  : Successfully done setting XSCT server connection channel  
12:00:39 INFO  : Successfully done setting SDK workspace  
12:00:39 INFO  : Processing command line option -hwspec /home/danielmartins/Documentos/Universidade/CR/Projecto/Aula10_2/Aula10_2.sdk/design_1_wrapper.hdf.
